2024-08-09 04:46:15.410 [info] [main] Log level: Info
2024-08-09 04:46:15.411 [info] [main] Validating found git in: "git"
2024-08-09 04:46:15.411 [info] [main] Using git "2.34.1" from "git"
2024-08-09 04:46:15.412 [info] [Model][doInitialScan] Initial repository scan started
2024-08-09 04:46:15.412 [info] > git rev-parse --show-toplevel [18ms]
2024-08-09 04:46:15.413 [info] fatal: detected dubious ownership in repository at '/home/cs300-user'
To add an exception for this directory, call:

	git config --global --add safe.directory /home/cs300-user
2024-08-09 04:46:15.459 [info] > git rev-parse --show-toplevel [53ms]
2024-08-09 04:46:15.460 [info] fatal: detected dubious ownership in repository at '/home/cs300-user'
To add an exception for this directory, call:

	git config --global --add safe.directory /home/cs300-user
2024-08-09 04:46:15.507 [info] > git rev-parse --show-toplevel [24ms]
2024-08-09 04:46:15.509 [info] fatal: detected dubious ownership in repository at '/home/cs300-user'
To add an exception for this directory, call:

	git config --global --add safe.directory /home/cs300-user
2024-08-09 04:46:15.550 [info] > git rev-parse --show-toplevel [34ms]
2024-08-09 04:46:15.551 [info] fatal: detected dubious ownership in repository at '/home/cs300-user'
To add an exception for this directory, call:

	git config --global --add safe.directory /home/cs300-user
2024-08-09 04:46:15.562 [info] > git rev-parse --show-toplevel [8ms]
2024-08-09 04:46:15.562 [info] fatal: detected dubious ownership in repository at '/home/cs300-user'
To add an exception for this directory, call:

	git config --global --add safe.directory /home/cs300-user
2024-08-09 04:46:15.571 [info] > git rev-parse --show-toplevel [6ms]
2024-08-09 04:46:15.572 [info] fatal: detected dubious ownership in repository at '/home/cs300-user'
To add an exception for this directory, call:

	git config --global --add safe.directory /home/cs300-user
2024-08-09 04:46:15.576 [info] > git rev-parse --show-toplevel [3ms]
2024-08-09 04:46:15.576 [info] fatal: detected dubious ownership in repository at '/home/cs300-user'
To add an exception for this directory, call:

	git config --global --add safe.directory /home/cs300-user
2024-08-09 04:46:15.940 [info] > git rev-parse --show-toplevel [362ms]
2024-08-09 04:46:15.940 [info] fatal: detected dubious ownership in repository at '/home/cs300-user'
To add an exception for this directory, call:

	git config --global --add safe.directory /home/cs300-user
2024-08-09 04:46:16.021 [info] > git rev-parse --show-toplevel [5ms]
2024-08-09 04:46:16.021 [info] fatal: detected dubious ownership in repository at '/home/cs300-user'
To add an exception for this directory, call:

	git config --global --add safe.directory /home/cs300-user
2024-08-09 04:46:16.029 [info] > git rev-parse --show-toplevel [5ms]
2024-08-09 04:46:16.029 [info] fatal: detected dubious ownership in repository at '/home/cs300-user'
To add an exception for this directory, call:

	git config --global --add safe.directory /home/cs300-user
2024-08-09 04:46:16.031 [info] [Model][doInitialScan] Initial repository scan completed - repositories (0), closed repositories (0), parent repositories (0), unsafe repositories (1)
2024-08-09 04:46:21.911 [info] > git rev-parse --show-toplevel [38ms]
2024-08-09 04:46:21.912 [info] fatal: detected dubious ownership in repository at '/home/cs300-user'
To add an exception for this directory, call:

	git config --global --add safe.directory /home/cs300-user
2024-08-09 04:46:31.635 [info] > git rev-parse --show-toplevel [5ms]
2024-08-09 04:46:31.636 [info] fatal: detected dubious ownership in repository at '/home/cs300-user'
To add an exception for this directory, call:

	git config --global --add safe.directory /home/cs300-user
2024-08-09 04:46:36.362 [info] > git rev-parse --show-toplevel [3ms]
2024-08-09 04:46:36.362 [info] fatal: detected dubious ownership in repository at '/home/cs300-user'
To add an exception for this directory, call:

	git config --global --add safe.directory /home/cs300-user
2024-08-09 04:46:56.996 [info] > git rev-parse --show-toplevel [3ms]
2024-08-09 04:46:56.997 [info] fatal: detected dubious ownership in repository at '/home/cs300-user'
To add an exception for this directory, call:

	git config --global --add safe.directory /home/cs300-user
2024-08-09 04:46:57.004 [info] > git rev-parse --show-toplevel [2ms]
2024-08-09 04:46:57.005 [info] fatal: detected dubious ownership in repository at '/home/cs300-user'
To add an exception for this directory, call:

	git config --global --add safe.directory /home/cs300-user
2024-08-09 04:47:09.611 [info] > git rev-parse --show-toplevel [5ms]
2024-08-09 04:47:09.611 [info] fatal: detected dubious ownership in repository at '/home/cs300-user'
To add an exception for this directory, call:

	git config --global --add safe.directory /home/cs300-user
2024-08-09 04:47:10.142 [info] > git rev-parse --show-toplevel [8ms]
2024-08-09 04:47:10.142 [info] fatal: detected dubious ownership in repository at '/home/cs300-user'
To add an exception for this directory, call:

	git config --global --add safe.directory /home/cs300-user
2024-08-09 04:47:10.845 [info] > git rev-parse --show-toplevel [3ms]
2024-08-09 04:47:10.845 [info] fatal: detected dubious ownership in repository at '/home/cs300-user'
To add an exception for this directory, call:

	git config --global --add safe.directory /home/cs300-user
2024-08-09 04:47:10.850 [info] > git rev-parse --show-toplevel [3ms]
2024-08-09 04:47:10.850 [info] fatal: detected dubious ownership in repository at '/home/cs300-user'
To add an exception for this directory, call:

	git config --global --add safe.directory /home/cs300-user
2024-08-09 04:47:24.995 [info] > git rev-parse --show-toplevel [7ms]
2024-08-09 04:47:24.996 [info] fatal: detected dubious ownership in repository at '/home/cs300-user'
To add an exception for this directory, call:

	git config --global --add safe.directory /home/cs300-user
2024-08-09 04:47:25.516 [info] > git rev-parse --show-toplevel [5ms]
2024-08-09 04:47:25.517 [info] fatal: detected dubious ownership in repository at '/home/cs300-user'
To add an exception for this directory, call:

	git config --global --add safe.directory /home/cs300-user
2024-08-09 04:47:27.966 [info] > git rev-parse --show-toplevel [8ms]
2024-08-09 04:47:27.966 [info] fatal: detected dubious ownership in repository at '/home/cs300-user'
To add an exception for this directory, call:

	git config --global --add safe.directory /home/cs300-user
2024-08-09 04:47:29.144 [info] > git rev-parse --show-toplevel [5ms]
2024-08-09 04:47:29.144 [info] fatal: detected dubious ownership in repository at '/home/cs300-user'
To add an exception for this directory, call:

	git config --global --add safe.directory /home/cs300-user
2024-08-09 04:47:38.862 [info] > git rev-parse --show-toplevel [5ms]
2024-08-09 04:47:38.862 [info] fatal: detected dubious ownership in repository at '/home/cs300-user'
To add an exception for this directory, call:

	git config --global --add safe.directory /home/cs300-user
2024-08-09 04:47:57.707 [info] > git rev-parse --show-toplevel [3ms]
2024-08-09 04:47:57.707 [info] fatal: detected dubious ownership in repository at '/home/cs300-user'
To add an exception for this directory, call:

	git config --global --add safe.directory /home/cs300-user
