2024-08-03 14:24:20.751 [info] Extension host with pid 86857 started
2024-08-03 14:24:20.760 [info] Lock '/home/cs300-user/.vscode-server/data/User/workspaceStorage/dd3712e347ee2db71a820c913ee36337/vscode.lock': Lock acquired.
2024-08-03 14:24:20.792 [info] ExtensionService#_doActivateExtension vscode.git-base, startup: true, activationEvent: '*', root cause: vscode.git
2024-08-03 14:24:20.807 [info] ExtensionService#_doActivateExtension vscode.git, startup: true, activationEvent: '*'
2024-08-03 14:24:20.808 [info] ExtensionService#_doActivateExtension vscode.github, startup: true, activationEvent: '*'
2024-08-03 14:24:21.111 [info] Eager extensions activated
2024-08-03 14:24:21.111 [info] ExtensionService#_doActivateExtension vscode.debug-auto-launch, startup: false, activationEvent: 'onStartupFinished'
2024-08-03 14:24:21.112 [info] ExtensionService#_doActivateExtension vscode.merge-conflict, startup: false, activationEvent: 'onStartupFinished'
2024-08-03 14:24:21.217 [info] ExtensionService#_doActivateExtension vscode.emmet, startup: false, activationEvent: 'onLanguage'
2024-08-03 14:26:12.132 [info] ExtensionService#_doActivateExtension ms-vscode.cpptools, startup: false, activationEvent: 'onLanguage:c'
2024-08-03 14:26:30.780 [info] ExtensionService#_doActivateExtension vscode.npm, startup: false, activationEvent: 'onTerminalQuickFixRequest:ms-vscode.npm-command'
2024-08-03 15:06:11.725 [warning] [Decorations] CAPPING events from decorations provider vscode.git 2249
2024-08-03 15:06:12.360 [warning] [Decorations] CAPPING events from decorations provider vscode.git 2249
2024-08-03 15:06:12.937 [error] Error: No such branch: main.
	at N.getBranch (/home/cs300-user/.vscode-server/bin/b1c0a14de1414fcdaa400695b4db1c0799bc3124/extensions/git/dist/main.js:2:936645)
	at async T.retryRun (/home/cs300-user/.vscode-server/bin/b1c0a14de1414fcdaa400695b4db1c0799bc3124/extensions/git/dist/main.js:2:1032124)
	at async T.run (/home/cs300-user/.vscode-server/bin/b1c0a14de1414fcdaa400695b4db1c0799bc3124/extensions/git/dist/main.js:2:1031728)
	at async T.getBranch (/home/cs300-user/.vscode-server/bin/b1c0a14de1414fcdaa400695b4db1c0799bc3124/extensions/git/dist/main.js:2:1020077)
	at async T.getBranchBase (/home/cs300-user/.vscode-server/bin/b1c0a14de1414fcdaa400695b4db1c0799bc3124/extensions/git/dist/main.js:2:1020363)
	at async t.GitHistoryProvider.resolveHEADMergeBase (/home/cs300-user/.vscode-server/bin/b1c0a14de1414fcdaa400695b4db1c0799bc3124/extensions/git/dist/main.js:2:948043)
	at async t.GitHistoryProvider.onDidRunGitStatus (/home/cs300-user/.vscode-server/bin/b1c0a14de1414fcdaa400695b4db1c0799bc3124/extensions/git/dist/main.js:2:941421)
2024-08-03 15:06:13.926 [error] Error: No such branch: main.
	at N.getBranch (/home/cs300-user/.vscode-server/bin/b1c0a14de1414fcdaa400695b4db1c0799bc3124/extensions/git/dist/main.js:2:936645)
	at async T.retryRun (/home/cs300-user/.vscode-server/bin/b1c0a14de1414fcdaa400695b4db1c0799bc3124/extensions/git/dist/main.js:2:1032124)
	at async T.run (/home/cs300-user/.vscode-server/bin/b1c0a14de1414fcdaa400695b4db1c0799bc3124/extensions/git/dist/main.js:2:1031728)
	at async T.getBranch (/home/cs300-user/.vscode-server/bin/b1c0a14de1414fcdaa400695b4db1c0799bc3124/extensions/git/dist/main.js:2:1020077)
	at async T.getBranchBase (/home/cs300-user/.vscode-server/bin/b1c0a14de1414fcdaa400695b4db1c0799bc3124/extensions/git/dist/main.js:2:1020363)
	at async t.GitHistoryProvider.resolveHEADMergeBase (/home/cs300-user/.vscode-server/bin/b1c0a14de1414fcdaa400695b4db1c0799bc3124/extensions/git/dist/main.js:2:948043)
	at async t.GitHistoryProvider.onDidRunGitStatus (/home/cs300-user/.vscode-server/bin/b1c0a14de1414fcdaa400695b4db1c0799bc3124/extensions/git/dist/main.js:2:941421)
2024-08-03 15:06:18.557 [warning] [Decorations] CAPPING events from decorations provider vscode.git 2249
2024-08-03 15:06:19.569 [error] Error: No such branch: main.
	at N.getBranch (/home/cs300-user/.vscode-server/bin/b1c0a14de1414fcdaa400695b4db1c0799bc3124/extensions/git/dist/main.js:2:936645)
	at async T.retryRun (/home/cs300-user/.vscode-server/bin/b1c0a14de1414fcdaa400695b4db1c0799bc3124/extensions/git/dist/main.js:2:1032124)
	at async T.run (/home/cs300-user/.vscode-server/bin/b1c0a14de1414fcdaa400695b4db1c0799bc3124/extensions/git/dist/main.js:2:1031728)
	at async T.getBranch (/home/cs300-user/.vscode-server/bin/b1c0a14de1414fcdaa400695b4db1c0799bc3124/extensions/git/dist/main.js:2:1020077)
	at async T.getBranchBase (/home/cs300-user/.vscode-server/bin/b1c0a14de1414fcdaa400695b4db1c0799bc3124/extensions/git/dist/main.js:2:1020363)
	at async t.GitHistoryProvider.resolveHEADMergeBase (/home/cs300-user/.vscode-server/bin/b1c0a14de1414fcdaa400695b4db1c0799bc3124/extensions/git/dist/main.js:2:948043)
	at async t.GitHistoryProvider.onDidRunGitStatus (/home/cs300-user/.vscode-server/bin/b1c0a14de1414fcdaa400695b4db1c0799bc3124/extensions/git/dist/main.js:2:941421)
2024-08-03 15:06:34.176 [warning] [Decorations] CAPPING events from decorations provider vscode.git 2249
2024-08-03 15:06:35.197 [error] Error: No such branch: main.
	at N.getBranch (/home/cs300-user/.vscode-server/bin/b1c0a14de1414fcdaa400695b4db1c0799bc3124/extensions/git/dist/main.js:2:936645)
	at async T.retryRun (/home/cs300-user/.vscode-server/bin/b1c0a14de1414fcdaa400695b4db1c0799bc3124/extensions/git/dist/main.js:2:1032124)
	at async T.run (/home/cs300-user/.vscode-server/bin/b1c0a14de1414fcdaa400695b4db1c0799bc3124/extensions/git/dist/main.js:2:1031728)
	at async T.getBranch (/home/cs300-user/.vscode-server/bin/b1c0a14de1414fcdaa400695b4db1c0799bc3124/extensions/git/dist/main.js:2:1020077)
	at async T.getBranchBase (/home/cs300-user/.vscode-server/bin/b1c0a14de1414fcdaa400695b4db1c0799bc3124/extensions/git/dist/main.js:2:1020363)
	at async t.GitHistoryProvider.resolveHEADMergeBase (/home/cs300-user/.vscode-server/bin/b1c0a14de1414fcdaa400695b4db1c0799bc3124/extensions/git/dist/main.js:2:948043)
	at async t.GitHistoryProvider.onDidRunGitStatus (/home/cs300-user/.vscode-server/bin/b1c0a14de1414fcdaa400695b4db1c0799bc3124/extensions/git/dist/main.js:2:941421)
2024-08-03 15:07:13.126 [warning] [Decorations] CAPPING events from decorations provider vscode.git 2249
2024-08-03 15:07:14.138 [error] Error: No such branch: main.
	at N.getBranch (/home/cs300-user/.vscode-server/bin/b1c0a14de1414fcdaa400695b4db1c0799bc3124/extensions/git/dist/main.js:2:936645)
	at async T.retryRun (/home/cs300-user/.vscode-server/bin/b1c0a14de1414fcdaa400695b4db1c0799bc3124/extensions/git/dist/main.js:2:1032124)
	at async T.run (/home/cs300-user/.vscode-server/bin/b1c0a14de1414fcdaa400695b4db1c0799bc3124/extensions/git/dist/main.js:2:1031728)
	at async T.getBranch (/home/cs300-user/.vscode-server/bin/b1c0a14de1414fcdaa400695b4db1c0799bc3124/extensions/git/dist/main.js:2:1020077)
	at async T.getBranchBase (/home/cs300-user/.vscode-server/bin/b1c0a14de1414fcdaa400695b4db1c0799bc3124/extensions/git/dist/main.js:2:1020363)
	at async t.GitHistoryProvider.resolveHEADMergeBase (/home/cs300-user/.vscode-server/bin/b1c0a14de1414fcdaa400695b4db1c0799bc3124/extensions/git/dist/main.js:2:948043)
	at async t.GitHistoryProvider.onDidRunGitStatus (/home/cs300-user/.vscode-server/bin/b1c0a14de1414fcdaa400695b4db1c0799bc3124/extensions/git/dist/main.js:2:941421)
2024-08-03 15:07:23.964 [warning] [Decorations] CAPPING events from decorations provider vscode.git 2249
2024-08-03 15:07:24.979 [error] Error: No such branch: main.
	at N.getBranch (/home/cs300-user/.vscode-server/bin/b1c0a14de1414fcdaa400695b4db1c0799bc3124/extensions/git/dist/main.js:2:936645)
	at async T.retryRun (/home/cs300-user/.vscode-server/bin/b1c0a14de1414fcdaa400695b4db1c0799bc3124/extensions/git/dist/main.js:2:1032124)
	at async T.run (/home/cs300-user/.vscode-server/bin/b1c0a14de1414fcdaa400695b4db1c0799bc3124/extensions/git/dist/main.js:2:1031728)
	at async T.getBranch (/home/cs300-user/.vscode-server/bin/b1c0a14de1414fcdaa400695b4db1c0799bc3124/extensions/git/dist/main.js:2:1020077)
	at async T.getBranchBase (/home/cs300-user/.vscode-server/bin/b1c0a14de1414fcdaa400695b4db1c0799bc3124/extensions/git/dist/main.js:2:1020363)
	at async t.GitHistoryProvider.resolveHEADMergeBase (/home/cs300-user/.vscode-server/bin/b1c0a14de1414fcdaa400695b4db1c0799bc3124/extensions/git/dist/main.js:2:948043)
	at async t.GitHistoryProvider.onDidRunGitStatus (/home/cs300-user/.vscode-server/bin/b1c0a14de1414fcdaa400695b4db1c0799bc3124/extensions/git/dist/main.js:2:941421)
2024-08-03 15:07:29.233 [warning] [Decorations] CAPPING events from decorations provider vscode.git 2249
2024-08-03 15:07:30.242 [error] Error: No such branch: main.
	at N.getBranch (/home/cs300-user/.vscode-server/bin/b1c0a14de1414fcdaa400695b4db1c0799bc3124/extensions/git/dist/main.js:2:936645)
	at async T.retryRun (/home/cs300-user/.vscode-server/bin/b1c0a14de1414fcdaa400695b4db1c0799bc3124/extensions/git/dist/main.js:2:1032124)
	at async T.run (/home/cs300-user/.vscode-server/bin/b1c0a14de1414fcdaa400695b4db1c0799bc3124/extensions/git/dist/main.js:2:1031728)
	at async T.getBranch (/home/cs300-user/.vscode-server/bin/b1c0a14de1414fcdaa400695b4db1c0799bc3124/extensions/git/dist/main.js:2:1020077)
	at async T.getBranchBase (/home/cs300-user/.vscode-server/bin/b1c0a14de1414fcdaa400695b4db1c0799bc3124/extensions/git/dist/main.js:2:1020363)
	at async t.GitHistoryProvider.resolveHEADMergeBase (/home/cs300-user/.vscode-server/bin/b1c0a14de1414fcdaa400695b4db1c0799bc3124/extensions/git/dist/main.js:2:948043)
	at async t.GitHistoryProvider.onDidRunGitStatus (/home/cs300-user/.vscode-server/bin/b1c0a14de1414fcdaa400695b4db1c0799bc3124/extensions/git/dist/main.js:2:941421)
2024-08-03 15:07:34.530 [warning] [Decorations] CAPPING events from decorations provider vscode.git 2249
2024-08-03 15:07:35.542 [error] Error: No such branch: main.
	at N.getBranch (/home/cs300-user/.vscode-server/bin/b1c0a14de1414fcdaa400695b4db1c0799bc3124/extensions/git/dist/main.js:2:936645)
	at async T.retryRun (/home/cs300-user/.vscode-server/bin/b1c0a14de1414fcdaa400695b4db1c0799bc3124/extensions/git/dist/main.js:2:1032124)
	at async T.run (/home/cs300-user/.vscode-server/bin/b1c0a14de1414fcdaa400695b4db1c0799bc3124/extensions/git/dist/main.js:2:1031728)
	at async T.getBranch (/home/cs300-user/.vscode-server/bin/b1c0a14de1414fcdaa400695b4db1c0799bc3124/extensions/git/dist/main.js:2:1020077)
	at async T.getBranchBase (/home/cs300-user/.vscode-server/bin/b1c0a14de1414fcdaa400695b4db1c0799bc3124/extensions/git/dist/main.js:2:1020363)
	at async t.GitHistoryProvider.resolveHEADMergeBase (/home/cs300-user/.vscode-server/bin/b1c0a14de1414fcdaa400695b4db1c0799bc3124/extensions/git/dist/main.js:2:948043)
	at async t.GitHistoryProvider.onDidRunGitStatus (/home/cs300-user/.vscode-server/bin/b1c0a14de1414fcdaa400695b4db1c0799bc3124/extensions/git/dist/main.js:2:941421)
2024-08-03 15:08:00.960 [warning] [Decorations] CAPPING events from decorations provider vscode.git 2249
2024-08-03 15:08:01.966 [error] Error: No such branch: main.
	at N.getBranch (/home/cs300-user/.vscode-server/bin/b1c0a14de1414fcdaa400695b4db1c0799bc3124/extensions/git/dist/main.js:2:936645)
	at async T.retryRun (/home/cs300-user/.vscode-server/bin/b1c0a14de1414fcdaa400695b4db1c0799bc3124/extensions/git/dist/main.js:2:1032124)
	at async T.run (/home/cs300-user/.vscode-server/bin/b1c0a14de1414fcdaa400695b4db1c0799bc3124/extensions/git/dist/main.js:2:1031728)
	at async T.getBranch (/home/cs300-user/.vscode-server/bin/b1c0a14de1414fcdaa400695b4db1c0799bc3124/extensions/git/dist/main.js:2:1020077)
	at async T.getBranchBase (/home/cs300-user/.vscode-server/bin/b1c0a14de1414fcdaa400695b4db1c0799bc3124/extensions/git/dist/main.js:2:1020363)
	at async t.GitHistoryProvider.resolveHEADMergeBase (/home/cs300-user/.vscode-server/bin/b1c0a14de1414fcdaa400695b4db1c0799bc3124/extensions/git/dist/main.js:2:948043)
	at async t.GitHistoryProvider.onDidRunGitStatus (/home/cs300-user/.vscode-server/bin/b1c0a14de1414fcdaa400695b4db1c0799bc3124/extensions/git/dist/main.js:2:941421)
2024-08-03 15:08:08.154 [warning] [Decorations] CAPPING events from decorations provider vscode.git 2249
2024-08-03 15:08:09.165 [error] Error: No such branch: main.
	at N.getBranch (/home/cs300-user/.vscode-server/bin/b1c0a14de1414fcdaa400695b4db1c0799bc3124/extensions/git/dist/main.js:2:936645)
	at async T.retryRun (/home/cs300-user/.vscode-server/bin/b1c0a14de1414fcdaa400695b4db1c0799bc3124/extensions/git/dist/main.js:2:1032124)
	at async T.run (/home/cs300-user/.vscode-server/bin/b1c0a14de1414fcdaa400695b4db1c0799bc3124/extensions/git/dist/main.js:2:1031728)
	at async T.getBranch (/home/cs300-user/.vscode-server/bin/b1c0a14de1414fcdaa400695b4db1c0799bc3124/extensions/git/dist/main.js:2:1020077)
	at async T.getBranchBase (/home/cs300-user/.vscode-server/bin/b1c0a14de1414fcdaa400695b4db1c0799bc3124/extensions/git/dist/main.js:2:1020363)
	at async t.GitHistoryProvider.resolveHEADMergeBase (/home/cs300-user/.vscode-server/bin/b1c0a14de1414fcdaa400695b4db1c0799bc3124/extensions/git/dist/main.js:2:948043)
	at async t.GitHistoryProvider.onDidRunGitStatus (/home/cs300-user/.vscode-server/bin/b1c0a14de1414fcdaa400695b4db1c0799bc3124/extensions/git/dist/main.js:2:941421)
2024-08-03 15:08:13.514 [warning] [Decorations] CAPPING events from decorations provider vscode.git 2249
2024-08-03 15:08:14.536 [error] Error: No such branch: main.
	at N.getBranch (/home/cs300-user/.vscode-server/bin/b1c0a14de1414fcdaa400695b4db1c0799bc3124/extensions/git/dist/main.js:2:936645)
	at async T.retryRun (/home/cs300-user/.vscode-server/bin/b1c0a14de1414fcdaa400695b4db1c0799bc3124/extensions/git/dist/main.js:2:1032124)
	at async T.run (/home/cs300-user/.vscode-server/bin/b1c0a14de1414fcdaa400695b4db1c0799bc3124/extensions/git/dist/main.js:2:1031728)
	at async T.getBranch (/home/cs300-user/.vscode-server/bin/b1c0a14de1414fcdaa400695b4db1c0799bc3124/extensions/git/dist/main.js:2:1020077)
	at async T.getBranchBase (/home/cs300-user/.vscode-server/bin/b1c0a14de1414fcdaa400695b4db1c0799bc3124/extensions/git/dist/main.js:2:1020363)
	at async t.GitHistoryProvider.resolveHEADMergeBase (/home/cs300-user/.vscode-server/bin/b1c0a14de1414fcdaa400695b4db1c0799bc3124/extensions/git/dist/main.js:2:948043)
	at async t.GitHistoryProvider.onDidRunGitStatus (/home/cs300-user/.vscode-server/bin/b1c0a14de1414fcdaa400695b4db1c0799bc3124/extensions/git/dist/main.js:2:941421)
2024-08-03 15:08:18.941 [warning] [Decorations] CAPPING events from decorations provider vscode.git 2249
2024-08-03 15:08:19.952 [error] Error: No such branch: main.
	at N.getBranch (/home/cs300-user/.vscode-server/bin/b1c0a14de1414fcdaa400695b4db1c0799bc3124/extensions/git/dist/main.js:2:936645)
	at async T.retryRun (/home/cs300-user/.vscode-server/bin/b1c0a14de1414fcdaa400695b4db1c0799bc3124/extensions/git/dist/main.js:2:1032124)
	at async T.run (/home/cs300-user/.vscode-server/bin/b1c0a14de1414fcdaa400695b4db1c0799bc3124/extensions/git/dist/main.js:2:1031728)
	at async T.getBranch (/home/cs300-user/.vscode-server/bin/b1c0a14de1414fcdaa400695b4db1c0799bc3124/extensions/git/dist/main.js:2:1020077)
	at async T.getBranchBase (/home/cs300-user/.vscode-server/bin/b1c0a14de1414fcdaa400695b4db1c0799bc3124/extensions/git/dist/main.js:2:1020363)
	at async t.GitHistoryProvider.resolveHEADMergeBase (/home/cs300-user/.vscode-server/bin/b1c0a14de1414fcdaa400695b4db1c0799bc3124/extensions/git/dist/main.js:2:948043)
	at async t.GitHistoryProvider.onDidRunGitStatus (/home/cs300-user/.vscode-server/bin/b1c0a14de1414fcdaa400695b4db1c0799bc3124/extensions/git/dist/main.js:2:941421)
2024-08-03 15:08:24.256 [warning] [Decorations] CAPPING events from decorations provider vscode.git 2249
2024-08-03 15:08:25.265 [error] Error: No such branch: main.
	at N.getBranch (/home/cs300-user/.vscode-server/bin/b1c0a14de1414fcdaa400695b4db1c0799bc3124/extensions/git/dist/main.js:2:936645)
	at async T.retryRun (/home/cs300-user/.vscode-server/bin/b1c0a14de1414fcdaa400695b4db1c0799bc3124/extensions/git/dist/main.js:2:1032124)
	at async T.run (/home/cs300-user/.vscode-server/bin/b1c0a14de1414fcdaa400695b4db1c0799bc3124/extensions/git/dist/main.js:2:1031728)
	at async T.getBranch (/home/cs300-user/.vscode-server/bin/b1c0a14de1414fcdaa400695b4db1c0799bc3124/extensions/git/dist/main.js:2:1020077)
	at async T.getBranchBase (/home/cs300-user/.vscode-server/bin/b1c0a14de1414fcdaa400695b4db1c0799bc3124/extensions/git/dist/main.js:2:1020363)
	at async t.GitHistoryProvider.resolveHEADMergeBase (/home/cs300-user/.vscode-server/bin/b1c0a14de1414fcdaa400695b4db1c0799bc3124/extensions/git/dist/main.js:2:948043)
	at async t.GitHistoryProvider.onDidRunGitStatus (/home/cs300-user/.vscode-server/bin/b1c0a14de1414fcdaa400695b4db1c0799bc3124/extensions/git/dist/main.js:2:941421)
2024-08-03 15:08:29.989 [warning] [Decorations] CAPPING events from decorations provider vscode.git 2249
2024-08-03 15:08:31.016 [error] Error: No such branch: main.
	at N.getBranch (/home/cs300-user/.vscode-server/bin/b1c0a14de1414fcdaa400695b4db1c0799bc3124/extensions/git/dist/main.js:2:936645)
	at async T.retryRun (/home/cs300-user/.vscode-server/bin/b1c0a14de1414fcdaa400695b4db1c0799bc3124/extensions/git/dist/main.js:2:1032124)
	at async T.run (/home/cs300-user/.vscode-server/bin/b1c0a14de1414fcdaa400695b4db1c0799bc3124/extensions/git/dist/main.js:2:1031728)
	at async T.getBranch (/home/cs300-user/.vscode-server/bin/b1c0a14de1414fcdaa400695b4db1c0799bc3124/extensions/git/dist/main.js:2:1020077)
	at async T.getBranchBase (/home/cs300-user/.vscode-server/bin/b1c0a14de1414fcdaa400695b4db1c0799bc3124/extensions/git/dist/main.js:2:1020363)
	at async t.GitHistoryProvider.resolveHEADMergeBase (/home/cs300-user/.vscode-server/bin/b1c0a14de1414fcdaa400695b4db1c0799bc3124/extensions/git/dist/main.js:2:948043)
	at async t.GitHistoryProvider.onDidRunGitStatus (/home/cs300-user/.vscode-server/bin/b1c0a14de1414fcdaa400695b4db1c0799bc3124/extensions/git/dist/main.js:2:941421)
2024-08-03 15:08:38.270 [warning] [Decorations] CAPPING events from decorations provider vscode.git 2253
2024-08-03 15:08:38.712 [warning] [Decorations] CAPPING events from decorations provider vscode.git 2253
2024-08-03 15:08:39.283 [error] Error: No such branch: main.
	at N.getBranch (/home/cs300-user/.vscode-server/bin/b1c0a14de1414fcdaa400695b4db1c0799bc3124/extensions/git/dist/main.js:2:936645)
	at async T.retryRun (/home/cs300-user/.vscode-server/bin/b1c0a14de1414fcdaa400695b4db1c0799bc3124/extensions/git/dist/main.js:2:1032124)
	at async T.run (/home/cs300-user/.vscode-server/bin/b1c0a14de1414fcdaa400695b4db1c0799bc3124/extensions/git/dist/main.js:2:1031728)
	at async T.getBranch (/home/cs300-user/.vscode-server/bin/b1c0a14de1414fcdaa400695b4db1c0799bc3124/extensions/git/dist/main.js:2:1020077)
	at async T.getBranchBase (/home/cs300-user/.vscode-server/bin/b1c0a14de1414fcdaa400695b4db1c0799bc3124/extensions/git/dist/main.js:2:1020363)
	at async t.GitHistoryProvider.resolveHEADMergeBase (/home/cs300-user/.vscode-server/bin/b1c0a14de1414fcdaa400695b4db1c0799bc3124/extensions/git/dist/main.js:2:948043)
	at async t.GitHistoryProvider.onDidRunGitStatus (/home/cs300-user/.vscode-server/bin/b1c0a14de1414fcdaa400695b4db1c0799bc3124/extensions/git/dist/main.js:2:941421)
2024-08-03 15:08:39.718 [error] Error: No such branch: main.
	at N.getBranch (/home/cs300-user/.vscode-server/bin/b1c0a14de1414fcdaa400695b4db1c0799bc3124/extensions/git/dist/main.js:2:936645)
	at async T.retryRun (/home/cs300-user/.vscode-server/bin/b1c0a14de1414fcdaa400695b4db1c0799bc3124/extensions/git/dist/main.js:2:1032124)
	at async T.run (/home/cs300-user/.vscode-server/bin/b1c0a14de1414fcdaa400695b4db1c0799bc3124/extensions/git/dist/main.js:2:1031728)
	at async T.getBranch (/home/cs300-user/.vscode-server/bin/b1c0a14de1414fcdaa400695b4db1c0799bc3124/extensions/git/dist/main.js:2:1020077)
	at async T.getBranchBase (/home/cs300-user/.vscode-server/bin/b1c0a14de1414fcdaa400695b4db1c0799bc3124/extensions/git/dist/main.js:2:1020363)
	at async t.GitHistoryProvider.resolveHEADMergeBase (/home/cs300-user/.vscode-server/bin/b1c0a14de1414fcdaa400695b4db1c0799bc3124/extensions/git/dist/main.js:2:948043)
	at async t.GitHistoryProvider.onDidRunGitStatus (/home/cs300-user/.vscode-server/bin/b1c0a14de1414fcdaa400695b4db1c0799bc3124/extensions/git/dist/main.js:2:941421)
2024-08-03 15:08:44.483 [warning] [Decorations] CAPPING events from decorations provider vscode.git 2253
2024-08-03 15:08:45.493 [error] Error: No such branch: main.
	at N.getBranch (/home/cs300-user/.vscode-server/bin/b1c0a14de1414fcdaa400695b4db1c0799bc3124/extensions/git/dist/main.js:2:936645)
	at async T.retryRun (/home/cs300-user/.vscode-server/bin/b1c0a14de1414fcdaa400695b4db1c0799bc3124/extensions/git/dist/main.js:2:1032124)
	at async T.run (/home/cs300-user/.vscode-server/bin/b1c0a14de1414fcdaa400695b4db1c0799bc3124/extensions/git/dist/main.js:2:1031728)
	at async T.getBranch (/home/cs300-user/.vscode-server/bin/b1c0a14de1414fcdaa400695b4db1c0799bc3124/extensions/git/dist/main.js:2:1020077)
	at async T.getBranchBase (/home/cs300-user/.vscode-server/bin/b1c0a14de1414fcdaa400695b4db1c0799bc3124/extensions/git/dist/main.js:2:1020363)
	at async t.GitHistoryProvider.resolveHEADMergeBase (/home/cs300-user/.vscode-server/bin/b1c0a14de1414fcdaa400695b4db1c0799bc3124/extensions/git/dist/main.js:2:948043)
	at async t.GitHistoryProvider.onDidRunGitStatus (/home/cs300-user/.vscode-server/bin/b1c0a14de1414fcdaa400695b4db1c0799bc3124/extensions/git/dist/main.js:2:941421)
2024-08-03 15:09:25.487 [warning] [Decorations] CAPPING events from decorations provider vscode.git 2253
2024-08-03 15:09:26.498 [error] Error: No such branch: main.
	at N.getBranch (/home/cs300-user/.vscode-server/bin/b1c0a14de1414fcdaa400695b4db1c0799bc3124/extensions/git/dist/main.js:2:936645)
	at async T.retryRun (/home/cs300-user/.vscode-server/bin/b1c0a14de1414fcdaa400695b4db1c0799bc3124/extensions/git/dist/main.js:2:1032124)
	at async T.run (/home/cs300-user/.vscode-server/bin/b1c0a14de1414fcdaa400695b4db1c0799bc3124/extensions/git/dist/main.js:2:1031728)
	at async T.getBranch (/home/cs300-user/.vscode-server/bin/b1c0a14de1414fcdaa400695b4db1c0799bc3124/extensions/git/dist/main.js:2:1020077)
	at async T.getBranchBase (/home/cs300-user/.vscode-server/bin/b1c0a14de1414fcdaa400695b4db1c0799bc3124/extensions/git/dist/main.js:2:1020363)
	at async t.GitHistoryProvider.resolveHEADMergeBase (/home/cs300-user/.vscode-server/bin/b1c0a14de1414fcdaa400695b4db1c0799bc3124/extensions/git/dist/main.js:2:948043)
	at async t.GitHistoryProvider.onDidRunGitStatus (/home/cs300-user/.vscode-server/bin/b1c0a14de1414fcdaa400695b4db1c0799bc3124/extensions/git/dist/main.js:2:941421)
2024-08-03 15:09:31.367 [warning] [Decorations] CAPPING events from decorations provider vscode.git 2253
2024-08-03 15:09:32.372 [error] Error: No such branch: main.
	at N.getBranch (/home/cs300-user/.vscode-server/bin/b1c0a14de1414fcdaa400695b4db1c0799bc3124/extensions/git/dist/main.js:2:936645)
	at async T.retryRun (/home/cs300-user/.vscode-server/bin/b1c0a14de1414fcdaa400695b4db1c0799bc3124/extensions/git/dist/main.js:2:1032124)
	at async T.run (/home/cs300-user/.vscode-server/bin/b1c0a14de1414fcdaa400695b4db1c0799bc3124/extensions/git/dist/main.js:2:1031728)
	at async T.getBranch (/home/cs300-user/.vscode-server/bin/b1c0a14de1414fcdaa400695b4db1c0799bc3124/extensions/git/dist/main.js:2:1020077)
	at async T.getBranchBase (/home/cs300-user/.vscode-server/bin/b1c0a14de1414fcdaa400695b4db1c0799bc3124/extensions/git/dist/main.js:2:1020363)
	at async t.GitHistoryProvider.resolveHEADMergeBase (/home/cs300-user/.vscode-server/bin/b1c0a14de1414fcdaa400695b4db1c0799bc3124/extensions/git/dist/main.js:2:948043)
	at async t.GitHistoryProvider.onDidRunGitStatus (/home/cs300-user/.vscode-server/bin/b1c0a14de1414fcdaa400695b4db1c0799bc3124/extensions/git/dist/main.js:2:941421)
