2024-08-03 14:24:21.163 [info] [main] Log level: Info
2024-08-03 14:24:21.163 [info] [main] Validating found git in: "git"
2024-08-03 14:24:21.164 [info] [main] Using git "2.34.1" from "git"
2024-08-03 14:24:21.166 [info] [Model][doInitialScan] Initial repository scan started
2024-08-03 14:24:21.166 [info] > git rev-parse --show-toplevel [21ms]
2024-08-03 14:24:21.166 [info] fatal: not a git repository (or any parent up to mount point /home)
Stopping at filesystem boundary (GIT_DISCOVERY_ACROSS_FILESYSTEM not set).
2024-08-03 14:24:21.172 [info] > git rev-parse --show-toplevel [2ms]
2024-08-03 14:24:21.172 [info] fatal: not a git repository (or any parent up to mount point /home)
Stopping at filesystem boundary (GIT_DISCOVERY_ACROSS_FILESYSTEM not set).
2024-08-03 14:24:21.177 [info] > git rev-parse --show-toplevel [2ms]
2024-08-03 14:24:21.177 [info] fatal: not a git repository (or any parent up to mount point /home)
Stopping at filesystem boundary (GIT_DISCOVERY_ACROSS_FILESYSTEM not set).
2024-08-03 14:24:21.184 [info] > git rev-parse --show-toplevel [3ms]
2024-08-03 14:24:21.184 [info] fatal: not a git repository (or any parent up to mount point /home)
Stopping at filesystem boundary (GIT_DISCOVERY_ACROSS_FILESYSTEM not set).
2024-08-03 14:24:21.193 [info] > git rev-parse --show-toplevel [6ms]
2024-08-03 14:24:21.200 [info] > git rev-parse --git-dir --git-common-dir [5ms]
2024-08-03 14:24:21.206 [info] [Model][openRepository] Opened repository: /home/cs300-user/cs300-lectures
2024-08-03 14:24:21.236 [info] > git config --get commit.template [24ms]
2024-08-03 14:24:21.236 [info] > git rev-parse --show-toplevel [25ms]
2024-08-03 14:24:21.245 [info] > git for-each-ref --format=%(refname)%00%(upstream:short)%00%(objectname)%00%(upstream:track)%00%(upstream:remotename)%00%(upstream:remoteref) refs/heads/main refs/remotes/main [30ms]
2024-08-03 14:24:21.246 [warning] [Git][revParse] Unable to read file: ENOENT: no such file or directory, open '/home/cs300-user/cs300-lectures/.git/refs/remotes/origin/main'
2024-08-03 14:24:21.247 [info] > git rev-parse --git-dir --git-common-dir [3ms]
2024-08-03 14:24:21.249 [info] [Model][openRepository] Opened repository: /home/cs300-user/cs300-s24-labs
2024-08-03 14:24:21.255 [info] > git rev-parse refs/remotes/origin/main [9ms]
2024-08-03 14:24:21.260 [info] > git config --get commit.template [6ms]
2024-08-03 14:24:21.260 [info] > git rev-parse --show-toplevel [9ms]
2024-08-03 14:24:21.263 [info] > git rev-parse --git-dir --git-common-dir [2ms]
2024-08-03 14:24:21.265 [info] [Model][openRepository] Opened repository: /home/cs300-user/cs300-s24-projects
2024-08-03 14:24:21.282 [info] > git rev-parse --show-toplevel [12ms]
2024-08-03 14:24:21.286 [info] > git config --get commit.template [13ms]
2024-08-03 14:24:21.286 [info] > git for-each-ref --format=%(refname)%00%(upstream:short)%00%(objectname)%00%(upstream:track)%00%(upstream:remotename)%00%(upstream:remoteref) refs/heads/main refs/remotes/main [27ms]
2024-08-03 14:24:21.288 [warning] [Git][revParse] Unable to read file: ENOENT: no such file or directory, open '/home/cs300-user/cs300-s24-labs/.git/refs/remotes/origin/main'
2024-08-03 14:24:21.289 [info] > git rev-parse --git-dir --git-common-dir [5ms]
2024-08-03 14:24:21.291 [info] [Model][openRepository] Opened repository: /home/cs300-user/cs300-s24-section
2024-08-03 14:24:21.296 [info] [Model][doInitialScan] Initial repository scan completed - repositories (4), closed repositories (0), parent repositories (0), unsafe repositories (0)
2024-08-03 14:24:21.298 [info] > git rev-parse refs/remotes/origin/main [10ms]
2024-08-03 14:24:21.301 [info] > git for-each-ref --format=%(refname)%00%(upstream:short)%00%(objectname)%00%(upstream:track)%00%(upstream:remotename)%00%(upstream:remoteref) refs/heads/main refs/remotes/main [22ms]
2024-08-03 14:24:21.304 [warning] [Git][revParse] Unable to read file: ENOENT: no such file or directory, open '/home/cs300-user/cs300-s24-projects/.git/refs/remotes/origin/main'
2024-08-03 14:24:21.305 [info] > git config --get commit.template [7ms]
2024-08-03 14:24:21.310 [info] > git rev-parse refs/remotes/origin/main [6ms]
2024-08-03 14:24:21.315 [info] > git for-each-ref --format=%(refname)%00%(upstream:short)%00%(objectname)%00%(upstream:track)%00%(upstream:remotename)%00%(upstream:remoteref) refs/heads/main refs/remotes/main [12ms]
2024-08-03 14:24:21.317 [warning] [Git][revParse] Unable to read file: ENOENT: no such file or directory, open '/home/cs300-user/cs300-s24-section/.git/refs/remotes/origin/main'
2024-08-03 14:24:21.323 [info] > git rev-parse refs/remotes/origin/main [6ms]
2024-08-03 14:24:21.379 [info] > git status -z -uall [122ms]
2024-08-03 14:24:21.401 [info] > git config --get commit.template [7ms]
2024-08-03 14:24:21.401 [info] > git status -z -uall [76ms]
2024-08-03 14:24:21.454 [info] > git status -z -uall [154ms]
2024-08-03 14:24:21.455 [info] > git status -z -uall [143ms]
2024-08-03 14:24:21.458 [info] > git for-each-ref --format=%(refname)%00%(upstream:short)%00%(objectname)%00%(upstream:track)%00%(upstream:remotename)%00%(upstream:remoteref) refs/heads/main refs/remotes/main [55ms]
2024-08-03 14:24:21.461 [info] > git for-each-ref --format=%(refname)%00%(upstream:short)%00%(objectname)%00%(upstream:track)%00%(upstream:remotename)%00%(upstream:remoteref) refs/heads/main refs/remotes/main [64ms]
2024-08-03 14:24:21.462 [info] > git for-each-ref --format=%(refname)%00%(upstream:short)%00%(objectname)%00%(upstream:track)%00%(upstream:remotename)%00%(upstream:remoteref) refs/heads/main refs/remotes/main [79ms]
2024-08-03 14:24:21.466 [warning] [Git][revParse] Unable to read file: ENOENT: no such file or directory, open '/home/cs300-user/cs300-lectures/.git/refs/remotes/origin/main'
2024-08-03 14:24:21.469 [info] > git config --local branch.main.vscode-merge-base [9ms]
2024-08-03 14:24:21.469 [warning] [Git][config] git config failed: Failed to execute git
2024-08-03 14:24:21.470 [info] > git for-each-ref --format=%(refname)%00%(upstream:short)%00%(objectname)%00%(upstream:track)%00%(upstream:remotename)%00%(upstream:remoteref) refs/heads/main refs/remotes/main [14ms]
2024-08-03 14:24:21.471 [info] > git config --get commit.template [18ms]
2024-08-03 14:24:21.473 [info] > git rev-parse refs/remotes/origin/main [7ms]
2024-08-03 14:24:21.474 [info] > git config --get commit.template [9ms]
2024-08-03 14:24:21.474 [info] > git config --get commit.template [10ms]
2024-08-03 14:24:21.475 [info] > git for-each-ref --format=%(refname)%00%(upstream:short)%00%(objectname)%00%(upstream:track)%00%(upstream:remotename)%00%(upstream:remoteref) refs/heads/main refs/remotes/main [15ms]
2024-08-03 14:24:21.476 [info] > git config --local branch.main.vscode-merge-base [13ms]
2024-08-03 14:24:21.476 [warning] [Git][config] git config failed: Failed to execute git
2024-08-03 14:24:21.479 [info] > git config --local branch.main.vscode-merge-base [3ms]
2024-08-03 14:24:21.480 [warning] [Git][config] git config failed: Failed to execute git
2024-08-03 14:24:21.481 [info] > git config --local branch.main.vscode-merge-base [10ms]
2024-08-03 14:24:21.481 [warning] [Git][config] git config failed: Failed to execute git
2024-08-03 14:24:21.489 [info] > git reflog main --grep-reflog=branch: Created from *. [19ms]
2024-08-03 14:24:21.491 [info] > git for-each-ref --format=%(refname)%00%(upstream:short)%00%(objectname)%00%(upstream:track)%00%(upstream:remotename)%00%(upstream:remoteref) refs/heads/main refs/remotes/main [19ms]
2024-08-03 14:24:21.493 [info] > git reflog main --grep-reflog=branch: Created from *. [15ms]
2024-08-03 14:24:21.497 [warning] [Git][revParse] Unable to read file: ENOENT: no such file or directory, open '/home/cs300-user/cs300-s24-section/.git/refs/remotes/origin/main'
2024-08-03 14:24:21.498 [info] > git reflog main --grep-reflog=branch: Created from *. [17ms]
2024-08-03 14:24:21.499 [info] > git reflog main --grep-reflog=branch: Created from *. [16ms]
2024-08-03 14:24:21.500 [info] > git for-each-ref --format=%(refname)%00%(upstream:short)%00%(objectname)%00%(upstream:track)%00%(upstream:remotename)%00%(upstream:remoteref) refs/heads/main refs/remotes/main [15ms]
2024-08-03 14:24:21.500 [info] > git symbolic-ref --short refs/remotes/origin/HEAD [9ms]
2024-08-03 14:24:21.503 [warning] [Git][revParse] Unable to read file: ENOENT: no such file or directory, open '/home/cs300-user/cs300-s24-projects/.git/refs/remotes/origin/main'
2024-08-03 14:24:21.504 [info] > git rev-parse refs/remotes/origin/main [7ms]
2024-08-03 14:24:21.506 [info] > git for-each-ref --format=%(refname)%00%(upstream:short)%00%(objectname)%00%(upstream:track)%00%(upstream:remotename)%00%(upstream:remoteref) refs/heads/main refs/remotes/main [19ms]
2024-08-03 14:24:21.509 [warning] [Git][revParse] Unable to read file: ENOENT: no such file or directory, open '/home/cs300-user/cs300-s24-labs/.git/refs/remotes/origin/main'
2024-08-03 14:24:21.509 [info] > git symbolic-ref --short refs/remotes/origin/HEAD [14ms]
2024-08-03 14:24:21.511 [info] > git for-each-ref --format=%(refname)%00%(upstream:short)%00%(objectname)%00%(upstream:track)%00%(upstream:remotename)%00%(upstream:remoteref) refs/heads/origin/main refs/remotes/origin/main [9ms]
2024-08-03 14:24:21.512 [info] > git symbolic-ref --short refs/remotes/origin/HEAD [12ms]
2024-08-03 14:24:21.514 [info] > git rev-parse refs/remotes/origin/main [11ms]
2024-08-03 14:24:21.517 [info] > git symbolic-ref --short refs/remotes/origin/HEAD [18ms]
2024-08-03 14:24:21.520 [info] > git config --local branch.main.vscode-merge-base origin/main [8ms]
2024-08-03 14:24:21.521 [info] > git rev-parse refs/remotes/origin/main [12ms]
2024-08-03 14:24:21.523 [info] > git status -z -uall [17ms] (cancelled)
2024-08-03 14:24:21.524 [info] > git for-each-ref --format=%(refname)%00%(upstream:short)%00%(objectname)%00%(upstream:track)%00%(upstream:remotename)%00%(upstream:remoteref) refs/heads/origin/main refs/remotes/origin/main [13ms]
2024-08-03 14:24:21.527 [info] > git for-each-ref --format=%(refname)%00%(upstream:short)%00%(objectname)%00%(upstream:track)%00%(upstream:remotename)%00%(upstream:remoteref) refs/heads/origin/main refs/remotes/origin/main [13ms]
2024-08-03 14:24:21.533 [info] > git config --get commit.template [6ms]
2024-08-03 14:24:21.534 [info] > git for-each-ref --format=%(refname)%00%(upstream:short)%00%(objectname)%00%(upstream:track)%00%(upstream:remotename)%00%(upstream:remoteref) refs/heads/origin/main refs/remotes/origin/main [15ms]
2024-08-03 14:24:21.538 [info] > git config --local branch.main.vscode-merge-base origin/main [13ms]
2024-08-03 14:24:21.540 [info] > git config --local branch.main.vscode-merge-base origin/main [11ms]
2024-08-03 14:24:21.541 [info] > git status -z -uall [67ms] (cancelled)
2024-08-03 14:24:21.544 [info] > git status -z -uall [27ms] (cancelled)
2024-08-03 14:24:21.546 [info] > git config --local branch.main.vscode-merge-base origin/main [11ms]
2024-08-03 14:24:21.549 [info] > git status -z -uall [26ms] (cancelled)
2024-08-03 14:24:21.550 [info] > git config --get commit.template [6ms]
2024-08-03 14:24:21.550 [info] > git config --get commit.template [7ms]
2024-08-03 14:24:21.550 [info] > git for-each-ref --format=%(refname)%00%(upstream:short)%00%(objectname)%00%(upstream:track)%00%(upstream:remotename)%00%(upstream:remoteref) refs/heads/main refs/remotes/main [19ms]
2024-08-03 14:24:21.553 [warning] [Git][revParse] Unable to read file: ENOENT: no such file or directory, open '/home/cs300-user/cs300-s24-section/.git/refs/remotes/origin/main'
2024-08-03 14:24:21.553 [info] > git config --get commit.template [4ms]
2024-08-03 14:24:21.554 [info] > git for-each-ref --format=%(refname)%00%(upstream:short)%00%(objectname)%00%(upstream:track)%00%(upstream:remotename)%00%(upstream:remoteref) refs/heads/main refs/remotes/main [8ms]
2024-08-03 14:24:21.556 [warning] [Git][revParse] Unable to read file: ENOENT: no such file or directory, open '/home/cs300-user/cs300-lectures/.git/refs/remotes/origin/main'
2024-08-03 14:24:21.557 [info] > git rev-parse refs/remotes/origin/main [4ms]
2024-08-03 14:24:21.558 [info] > git for-each-ref --format=%(refname)%00%(upstream:short)%00%(objectname)%00%(upstream:track)%00%(upstream:remotename)%00%(upstream:remoteref) refs/heads/main refs/remotes/main [11ms]
2024-08-03 14:24:21.560 [warning] [Git][revParse] Unable to read file: ENOENT: no such file or directory, open '/home/cs300-user/cs300-s24-projects/.git/refs/remotes/origin/main'
2024-08-03 14:24:21.560 [info] > git for-each-ref --format=%(refname)%00%(upstream:short)%00%(objectname)%00%(upstream:track)%00%(upstream:remotename)%00%(upstream:remoteref) refs/heads/main refs/remotes/main [8ms]
2024-08-03 14:24:21.562 [warning] [Git][revParse] Unable to read file: ENOENT: no such file or directory, open '/home/cs300-user/cs300-s24-labs/.git/refs/remotes/origin/main'
2024-08-03 14:24:21.562 [info] > git rev-parse refs/remotes/origin/main [6ms]
2024-08-03 14:24:21.563 [info] > git rev-parse refs/remotes/origin/main [3ms]
2024-08-03 14:24:21.567 [info] > git rev-parse refs/remotes/origin/main [5ms]
2024-08-03 14:24:21.585 [info] > git status -z -uall [27ms]
2024-08-03 14:24:21.606 [info] > git merge-base refs/heads/main refs/remotes/origin/main [16ms]
2024-08-03 14:24:21.610 [info] > git for-each-ref --format=%(refname)%00%(upstream:short)%00%(objectname)%00%(upstream:track)%00%(upstream:remotename)%00%(upstream:remoteref) refs/heads/main refs/remotes/main [23ms]
2024-08-03 14:24:21.616 [info] > git config --local branch.main.vscode-merge-base [4ms]
2024-08-03 14:24:21.627 [info] > git rev-list --count --left-right refs/heads/main...refs/remotes/origin/main [18ms]
2024-08-03 14:24:21.636 [info] > git for-each-ref --format=%(refname)%00%(upstream:short)%00%(objectname)%00%(upstream:track)%00%(upstream:remotename)%00%(upstream:remoteref) refs/heads/origin/main refs/remotes/origin/main [18ms]
2024-08-03 14:24:21.644 [info] > git diff --name-status -z --diff-filter=ADMR 13bb977148452973dd4fc6e1c1d22b4db1d858c3...refs/remotes/origin/main [12ms]
2024-08-03 14:24:21.651 [info] > git status -z -uall [84ms]
2024-08-03 14:24:21.656 [info] > git status -z -uall [93ms]
2024-08-03 14:24:21.667 [info] > git merge-base refs/heads/main refs/remotes/origin/main [13ms]
2024-08-03 14:24:21.670 [info] > git for-each-ref --format=%(refname)%00%(upstream:short)%00%(objectname)%00%(upstream:track)%00%(upstream:remotename)%00%(upstream:remoteref) refs/heads/main refs/remotes/main [17ms]
2024-08-03 14:24:21.672 [info] > git merge-base refs/heads/main refs/remotes/origin/main [11ms]
2024-08-03 14:24:21.674 [info] > git for-each-ref --format=%(refname)%00%(upstream:short)%00%(objectname)%00%(upstream:track)%00%(upstream:remotename)%00%(upstream:remoteref) refs/heads/main refs/remotes/main [16ms]
2024-08-03 14:24:21.676 [info] > git config --local branch.main.vscode-merge-base [5ms]
2024-08-03 14:24:21.682 [info] > git config --local branch.main.vscode-merge-base [6ms]
2024-08-03 14:24:21.686 [info] > git rev-list --count --left-right refs/heads/main...refs/remotes/origin/main [17ms]
2024-08-03 14:24:21.689 [info] > git rev-list --count --left-right refs/heads/main...refs/remotes/origin/main [15ms]
2024-08-03 14:24:21.697 [info] > git for-each-ref --format=%(refname)%00%(upstream:short)%00%(objectname)%00%(upstream:track)%00%(upstream:remotename)%00%(upstream:remoteref) refs/heads/origin/main refs/remotes/origin/main [19ms]
2024-08-03 14:24:21.700 [info] > git for-each-ref --format=%(refname)%00%(upstream:short)%00%(objectname)%00%(upstream:track)%00%(upstream:remotename)%00%(upstream:remoteref) refs/heads/origin/main refs/remotes/origin/main [16ms]
2024-08-03 14:24:21.702 [info] > git diff --name-status -z --diff-filter=ADMR b963363af7fa8601251eb63574490fddda0d37b8...refs/remotes/origin/main [14ms]
2024-08-03 14:24:21.703 [info] > git diff --name-status -z --diff-filter=ADMR 47414d9ad4f25f09c18fa885411d286ab4fdcf73...refs/remotes/origin/main [11ms]
2024-08-03 14:24:21.705 [info] > git status -z -uall [140ms]
2024-08-03 14:24:21.712 [info] > git merge-base refs/heads/main refs/remotes/origin/main [4ms]
2024-08-03 14:24:21.714 [info] > git for-each-ref --format=%(refname)%00%(upstream:short)%00%(objectname)%00%(upstream:track)%00%(upstream:remotename)%00%(upstream:remoteref) refs/heads/main refs/remotes/main [7ms]
2024-08-03 14:24:21.717 [info] > git config --local branch.main.vscode-merge-base [1ms]
2024-08-03 14:24:21.720 [info] > git rev-list --count --left-right refs/heads/main...refs/remotes/origin/main [6ms]
2024-08-03 14:24:21.722 [info] > git for-each-ref --format=%(refname)%00%(upstream:short)%00%(objectname)%00%(upstream:track)%00%(upstream:remotename)%00%(upstream:remoteref) refs/heads/origin/main refs/remotes/origin/main [4ms]
2024-08-03 14:24:21.725 [info] > git diff --name-status -z --diff-filter=ADMR e35f1680cf27f5e3d09dd058150c9aac166c6560...refs/remotes/origin/main [3ms]
2024-08-03 14:24:21.817 [info] > git check-ignore -v -z --stdin [7ms]
2024-08-03 14:24:21.819 [info] > git check-ignore -v -z --stdin [8ms]
2024-08-03 14:24:21.822 [info] > git check-ignore -v -z --stdin [8ms]
2024-08-03 14:24:21.823 [info] > git check-ignore -v -z --stdin [8ms]
2024-08-03 14:24:22.732 [info] > git config --get commit.template [19ms]
2024-08-03 14:24:22.732 [info] > git config --get commit.template [22ms]
2024-08-03 14:24:22.733 [info] > git for-each-ref --format=%(refname)%00%(upstream:short)%00%(objectname)%00%(upstream:track)%00%(upstream:remotename)%00%(upstream:remoteref) refs/heads/main refs/remotes/main [12ms]
2024-08-03 14:24:22.733 [info] > git for-each-ref --format=%(refname)%00%(upstream:short)%00%(objectname)%00%(upstream:track)%00%(upstream:remotename)%00%(upstream:remoteref) refs/heads/main refs/remotes/main [13ms]
2024-08-03 14:24:22.733 [info] > git config --get commit.template [17ms]
2024-08-03 14:24:22.735 [warning] [Git][revParse] Unable to read file: ENOENT: no such file or directory, open '/home/cs300-user/cs300-s24-labs/.git/refs/remotes/origin/main'
2024-08-03 14:24:22.736 [warning] [Git][revParse] Unable to read file: ENOENT: no such file or directory, open '/home/cs300-user/cs300-lectures/.git/refs/remotes/origin/main'
2024-08-03 14:24:22.736 [info] > git for-each-ref --format=%(refname)%00%(upstream:short)%00%(objectname)%00%(upstream:track)%00%(upstream:remotename)%00%(upstream:remoteref) refs/heads/main refs/remotes/main [13ms]
2024-08-03 14:24:22.738 [warning] [Git][revParse] Unable to read file: ENOENT: no such file or directory, open '/home/cs300-user/cs300-s24-section/.git/refs/remotes/origin/main'
2024-08-03 14:24:22.739 [info] > git rev-parse refs/remotes/origin/main [4ms]
2024-08-03 14:24:22.741 [info] > git rev-parse refs/remotes/origin/main [5ms]
2024-08-03 14:24:22.743 [info] > git rev-parse refs/remotes/origin/main [5ms]
2024-08-03 14:24:22.767 [info] > git status -z -uall [23ms]
2024-08-03 14:24:22.781 [info] > git for-each-ref --format=%(refname)%00%(upstream:short)%00%(objectname)%00%(upstream:track)%00%(upstream:remotename)%00%(upstream:remoteref) refs/heads/main refs/remotes/main [12ms]
2024-08-03 14:24:22.785 [info] > git config --local branch.main.vscode-merge-base [3ms]
2024-08-03 14:24:22.791 [info] > git for-each-ref --format=%(refname)%00%(upstream:short)%00%(objectname)%00%(upstream:track)%00%(upstream:remotename)%00%(upstream:remoteref) refs/heads/origin/main refs/remotes/origin/main [5ms]
2024-08-03 14:24:22.803 [info] > git status -z -uall [61ms]
2024-08-03 14:24:22.814 [info] > git for-each-ref --format=%(refname)%00%(upstream:short)%00%(objectname)%00%(upstream:track)%00%(upstream:remotename)%00%(upstream:remoteref) refs/heads/main refs/remotes/main [6ms]
2024-08-03 14:24:22.817 [info] > git status -z -uall [77ms]
2024-08-03 14:24:22.818 [info] > git config --local branch.main.vscode-merge-base [3ms]
2024-08-03 14:24:22.823 [info] > git for-each-ref --format=%(refname)%00%(upstream:short)%00%(objectname)%00%(upstream:track)%00%(upstream:remotename)%00%(upstream:remoteref) refs/heads/origin/main refs/remotes/origin/main [4ms]
2024-08-03 14:24:22.824 [info] > git for-each-ref --format=%(refname)%00%(upstream:short)%00%(objectname)%00%(upstream:track)%00%(upstream:remotename)%00%(upstream:remoteref) refs/heads/main refs/remotes/main [6ms]
2024-08-03 14:24:22.827 [info] > git config --local branch.main.vscode-merge-base [2ms]
2024-08-03 14:24:22.830 [info] > git for-each-ref --format=%(refname)%00%(upstream:short)%00%(objectname)%00%(upstream:track)%00%(upstream:remotename)%00%(upstream:remoteref) refs/heads/origin/main refs/remotes/origin/main [3ms]
2024-08-03 14:24:23.249 [info] > git check-ignore -v -z --stdin [7ms]
2024-08-03 14:24:24.452 [info] > git check-ignore -v -z --stdin [8ms]
2024-08-03 14:24:25.531 [info] > git check-ignore -v -z --stdin [8ms]
2024-08-03 14:25:17.265 [info] > git check-ignore -v -z --stdin [12ms]
2024-08-03 14:25:18.380 [info] > git ls-files --stage -- /home/cs300-user/cs300-s24-labs/lab0/hello_world.c [7ms]
2024-08-03 14:25:18.383 [info] > git show --textconv :lab0/hello_world.c [14ms]
2024-08-03 14:25:18.386 [info] > git cat-file -s 56025f8b0519cc056aaa188fcbd98a830277449e [4ms]
2024-08-03 14:25:45.108 [info] > git ls-files --stage -- /home/cs300-user/cs300-s24-labs/lab0/hello_world.c [6ms]
2024-08-03 14:25:45.112 [info] > git show --textconv :lab0/hello_world.c [13ms]
2024-08-03 14:25:45.114 [info] > git cat-file -s 56025f8b0519cc056aaa188fcbd98a830277449e [5ms]
2024-08-03 14:25:55.452 [info] > git config --get commit.template [3ms]
2024-08-03 14:25:55.462 [info] > git for-each-ref --format=%(refname)%00%(upstream:short)%00%(objectname)%00%(upstream:track)%00%(upstream:remotename)%00%(upstream:remoteref) refs/heads/main refs/remotes/main [12ms]
2024-08-03 14:25:55.464 [warning] [Git][revParse] Unable to read file: ENOENT: no such file or directory, open '/home/cs300-user/cs300-s24-labs/.git/refs/remotes/origin/main'
2024-08-03 14:25:55.466 [info] > git rev-parse refs/remotes/origin/main [2ms]
2024-08-03 14:25:55.598 [info] > git status -z -uall [131ms]
2024-08-03 14:25:55.617 [info] > git for-each-ref --format=%(refname)%00%(upstream:short)%00%(objectname)%00%(upstream:track)%00%(upstream:remotename)%00%(upstream:remoteref) refs/heads/main refs/remotes/main [15ms]
2024-08-03 14:25:55.625 [info] > git config --local branch.main.vscode-merge-base [4ms]
2024-08-03 14:25:55.658 [info] > git for-each-ref --format=%(refname)%00%(upstream:short)%00%(objectname)%00%(upstream:track)%00%(upstream:remotename)%00%(upstream:remoteref) refs/heads/origin/main refs/remotes/origin/main [28ms]
2024-08-03 14:25:56.732 [warning] [Model][getRepositoryExact] Failed to get repository realpath for: "/home/cs300-user/.vscode-server/extensions/.1fd56ba4-3c4e-4159-9797-657228d62c0c/". Error:Error: ENOENT: no such file or directory, realpath '/home/cs300-user/.vscode-server/extensions/.1fd56ba4-3c4e-4159-9797-657228d62c0c/'
2024-08-03 14:26:03.497 [info] > git config --get commit.template [4ms]
2024-08-03 14:26:03.502 [info] > git for-each-ref --format=%(refname)%00%(upstream:short)%00%(objectname)%00%(upstream:track)%00%(upstream:remotename)%00%(upstream:remoteref) refs/heads/main refs/remotes/main [7ms]
2024-08-03 14:26:03.503 [warning] [Git][revParse] Unable to read file: ENOENT: no such file or directory, open '/home/cs300-user/cs300-s24-labs/.git/refs/remotes/origin/main'
2024-08-03 14:26:03.506 [info] > git rev-parse refs/remotes/origin/main [3ms]
2024-08-03 14:26:03.588 [info] > git status -z -uall [81ms]
2024-08-03 14:26:03.596 [info] > git for-each-ref --format=%(refname)%00%(upstream:short)%00%(objectname)%00%(upstream:track)%00%(upstream:remotename)%00%(upstream:remoteref) refs/heads/main refs/remotes/main [5ms]
2024-08-03 14:26:03.600 [info] > git config --local branch.main.vscode-merge-base [2ms]
2024-08-03 14:26:03.606 [info] > git for-each-ref --format=%(refname)%00%(upstream:short)%00%(objectname)%00%(upstream:track)%00%(upstream:remotename)%00%(upstream:remoteref) refs/heads/origin/main refs/remotes/origin/main [5ms]
2024-08-03 14:26:11.455 [info] > git log --format=%H%n%aN%n%aE%n%at%n%ct%n%P%n%D%n%B -z -n120 --follow -- /home/cs300-user/cs300-s24-labs/lab0/hello_world.c [30ms]
2024-08-03 14:26:13.176 [info] > git rev-parse --show-toplevel [1065ms]
2024-08-03 14:26:13.182 [info] fatal: not a git repository (or any parent up to mount point /home)
Stopping at filesystem boundary (GIT_DISCOVERY_ACROSS_FILESYSTEM not set).
2024-08-03 14:27:11.139 [info] > git config --get commit.template [9ms]
2024-08-03 14:27:11.143 [info] > git for-each-ref --format=%(refname)%00%(upstream:short)%00%(objectname)%00%(upstream:track)%00%(upstream:remotename)%00%(upstream:remoteref) refs/heads/main refs/remotes/main [10ms]
2024-08-03 14:27:11.145 [warning] [Git][revParse] Unable to read file: ENOENT: no such file or directory, open '/home/cs300-user/cs300-s24-labs/.git/refs/remotes/origin/main'
2024-08-03 14:27:11.148 [info] > git rev-parse refs/remotes/origin/main [3ms]
2024-08-03 14:27:11.243 [info] > git status -z -uall [93ms]
2024-08-03 14:27:11.254 [info] > git for-each-ref --format=%(refname)%00%(upstream:short)%00%(objectname)%00%(upstream:track)%00%(upstream:remotename)%00%(upstream:remoteref) refs/heads/main refs/remotes/main [6ms]
2024-08-03 14:27:11.257 [info] > git config --local branch.main.vscode-merge-base [1ms]
2024-08-03 14:27:11.261 [info] > git for-each-ref --format=%(refname)%00%(upstream:short)%00%(objectname)%00%(upstream:track)%00%(upstream:remotename)%00%(upstream:remoteref) refs/heads/origin/main refs/remotes/origin/main [2ms]
2024-08-03 14:27:12.395 [info] > git ls-files --stage -- /home/cs300-user/cs300-s24-labs/lab0/hello_world.c [10ms]
2024-08-03 14:27:12.405 [info] > git cat-file -s 02679daa03a7da48b8e18300c45520d289f1686f [5ms]
2024-08-03 14:27:12.416 [info] > git show --textconv :lab0/hello_world.c [5ms]
2024-08-03 14:27:21.313 [info] > git config --get commit.template [4ms]
2024-08-03 14:27:21.318 [info] > git for-each-ref --format=%(refname)%00%(upstream:short)%00%(objectname)%00%(upstream:track)%00%(upstream:remotename)%00%(upstream:remoteref) refs/heads/main refs/remotes/main [6ms]
2024-08-03 14:27:21.321 [warning] [Git][revParse] Unable to read file: ENOENT: no such file or directory, open '/home/cs300-user/cs300-s24-labs/.git/refs/remotes/origin/main'
2024-08-03 14:27:21.323 [info] > git rev-parse refs/remotes/origin/main [2ms]
2024-08-03 14:27:21.337 [info] > git status -z -uall [12ms]
2024-08-03 14:27:21.376 [info] > git for-each-ref --format=%(refname)%00%(upstream:short)%00%(objectname)%00%(upstream:track)%00%(upstream:remotename)%00%(upstream:remoteref) refs/heads/main refs/remotes/main [33ms]
2024-08-03 14:27:21.382 [info] > git config --local branch.main.vscode-merge-base [3ms]
2024-08-03 14:27:21.388 [info] > git for-each-ref --format=%(refname)%00%(upstream:short)%00%(objectname)%00%(upstream:track)%00%(upstream:remotename)%00%(upstream:remoteref) refs/heads/origin/main refs/remotes/origin/main [4ms]
2024-08-03 14:27:21.395 [info] > git merge-base refs/heads/main refs/remotes/origin/main [4ms]
2024-08-03 14:27:21.404 [info] > git rev-list --count --left-right refs/heads/main...refs/remotes/origin/main [6ms]
2024-08-03 14:27:21.413 [info] > git diff --name-status -z --diff-filter=ADMR b963363af7fa8601251eb63574490fddda0d37b8...refs/remotes/origin/main [6ms]
2024-08-03 14:27:22.432 [info] > git config --get commit.template [4ms]
2024-08-03 14:27:22.437 [info] > git for-each-ref --format=%(refname)%00%(upstream:short)%00%(objectname)%00%(upstream:track)%00%(upstream:remotename)%00%(upstream:remoteref) refs/heads/main refs/remotes/main [8ms]
2024-08-03 14:27:22.439 [warning] [Git][revParse] Unable to read file: ENOENT: no such file or directory, open '/home/cs300-user/cs300-s24-labs/.git/refs/remotes/origin/main'
2024-08-03 14:27:22.444 [info] > git rev-parse refs/remotes/origin/main [5ms]
2024-08-03 14:27:22.466 [info] > git status -z -uall [20ms]
2024-08-03 14:27:22.477 [info] > git for-each-ref --format=%(refname)%00%(upstream:short)%00%(objectname)%00%(upstream:track)%00%(upstream:remotename)%00%(upstream:remoteref) refs/heads/main refs/remotes/main [9ms]
2024-08-03 14:27:22.481 [info] > git config --local branch.main.vscode-merge-base [2ms]
2024-08-03 14:27:22.486 [info] > git for-each-ref --format=%(refname)%00%(upstream:short)%00%(objectname)%00%(upstream:track)%00%(upstream:remotename)%00%(upstream:remoteref) refs/heads/origin/main refs/remotes/origin/main [4ms]
2024-08-03 14:27:22.519 [info] > git ls-files --stage -- /home/cs300-user/cs300-s24-labs/lab0/hello_world.c [3ms]
2024-08-03 14:27:22.525 [info] > git cat-file -s 02679daa03a7da48b8e18300c45520d289f1686f [4ms]
2024-08-03 14:27:22.536 [info] > git show --textconv :lab0/hello_world.c [6ms]
2024-08-03 14:32:52.175 [info] > git config --get commit.template [5ms]
2024-08-03 14:32:52.185 [info] > git for-each-ref --format=%(refname)%00%(upstream:short)%00%(objectname)%00%(upstream:track)%00%(upstream:remotename)%00%(upstream:remoteref) refs/heads/main refs/remotes/main [11ms]
2024-08-03 14:32:52.187 [warning] [Git][revParse] Unable to read file: ENOENT: no such file or directory, open '/home/cs300-user/cs300-s24-labs/.git/refs/remotes/origin/main'
2024-08-03 14:32:52.190 [info] > git rev-parse refs/remotes/origin/main [3ms]
2024-08-03 14:32:52.217 [info] > git status -z -uall [25ms]
2024-08-03 14:32:52.225 [info] > git for-each-ref --format=%(refname)%00%(upstream:short)%00%(objectname)%00%(upstream:track)%00%(upstream:remotename)%00%(upstream:remoteref) refs/heads/main refs/remotes/main [6ms]
2024-08-03 14:32:52.228 [info] > git config --local branch.main.vscode-merge-base [1ms]
2024-08-03 14:32:52.233 [info] > git for-each-ref --format=%(refname)%00%(upstream:short)%00%(objectname)%00%(upstream:track)%00%(upstream:remotename)%00%(upstream:remoteref) refs/heads/origin/main refs/remotes/origin/main [4ms]
2024-08-03 14:32:52.254 [info] > git ls-files --stage -- /home/cs300-user/cs300-s24-labs/lab0/hello_world.c [3ms]
2024-08-03 14:32:52.259 [info] > git cat-file -s 02679daa03a7da48b8e18300c45520d289f1686f [4ms]
2024-08-03 14:32:52.269 [info] > git show --textconv :lab0/hello_world.c [5ms]
2024-08-03 14:33:23.328 [info] > git config --get commit.template [6ms]
2024-08-03 14:33:23.333 [info] > git for-each-ref --format=%(refname)%00%(upstream:short)%00%(objectname)%00%(upstream:track)%00%(upstream:remotename)%00%(upstream:remoteref) refs/heads/main refs/remotes/main [8ms]
2024-08-03 14:33:23.354 [info] > git status -z -uall [19ms]
2024-08-03 14:33:23.369 [info] > git for-each-ref --format=%(refname)%00%(upstream:short)%00%(objectname)%00%(upstream:track)%00%(upstream:remotename)%00%(upstream:remoteref) refs/heads/main refs/remotes/main [12ms]
2024-08-03 14:33:23.378 [info] > git config --local branch.main.vscode-merge-base [4ms]
2024-08-03 14:33:23.389 [info] > git for-each-ref --format=%(refname)%00%(upstream:short)%00%(objectname)%00%(upstream:track)%00%(upstream:remotename)%00%(upstream:remoteref) refs/heads/origin/main refs/remotes/origin/main [5ms]
2024-08-03 14:33:23.395 [info] > git merge-base refs/heads/main refs/remotes/origin/main [4ms]
2024-08-03 14:33:23.400 [info] > git rev-list --count --left-right refs/heads/main...refs/remotes/origin/main [4ms]
2024-08-03 14:33:23.406 [info] > git diff --name-status -z --diff-filter=ADMR 9383429524fa4bc4d55b711109e6b22506a17f67...refs/remotes/origin/main [5ms]
2024-08-03 14:33:24.394 [info] > git config --get commit.template [4ms]
2024-08-03 14:33:24.403 [info] > git for-each-ref --format=%(refname)%00%(upstream:short)%00%(objectname)%00%(upstream:track)%00%(upstream:remotename)%00%(upstream:remoteref) refs/heads/main refs/remotes/main [15ms]
2024-08-03 14:33:24.430 [info] > git status -z -uall [19ms]
2024-08-03 14:33:24.441 [info] > git for-each-ref --format=%(refname)%00%(upstream:short)%00%(objectname)%00%(upstream:track)%00%(upstream:remotename)%00%(upstream:remoteref) refs/heads/main refs/remotes/main [7ms]
2024-08-03 14:33:24.445 [info] > git config --local branch.main.vscode-merge-base [2ms]
2024-08-03 14:33:24.451 [info] > git for-each-ref --format=%(refname)%00%(upstream:short)%00%(objectname)%00%(upstream:track)%00%(upstream:remotename)%00%(upstream:remoteref) refs/heads/origin/main refs/remotes/origin/main [5ms]
2024-08-03 14:33:24.468 [info] > git ls-files --stage -- /home/cs300-user/cs300-s24-labs/lab0/hello_world.c [2ms]
2024-08-03 14:33:24.472 [info] > git cat-file -s 02679daa03a7da48b8e18300c45520d289f1686f [3ms]
2024-08-03 14:33:24.481 [info] > git show --textconv :lab0/hello_world.c [4ms]
2024-08-03 15:04:25.047 [info] [Git][getRemotes] No remotes found in the git config file
2024-08-03 15:04:25.052 [info] > git config --get commit.template [6ms]
2024-08-03 15:04:25.058 [info] > git for-each-ref --format=%(refname)%00%(upstream:short)%00%(objectname)%00%(upstream:track)%00%(upstream:remotename)%00%(upstream:remoteref) refs/heads/main refs/remotes/main [7ms]
2024-08-03 15:04:25.095 [info] > git status -z -uall [35ms]
2024-08-03 15:04:25.103 [info] > git for-each-ref --format=%(refname)%00%(upstream:short)%00%(objectname)%00%(upstream:track)%00%(upstream:remotename)%00%(upstream:remoteref) refs/heads/main refs/remotes/main [5ms]
2024-08-03 15:04:25.106 [info] > git config --local branch.main.vscode-merge-base [2ms]
2024-08-03 15:04:25.111 [info] > git for-each-ref --format=%(refname)%00%(upstream:short)%00%(objectname)%00%(upstream:track)%00%(upstream:remotename)%00%(upstream:remoteref) refs/heads/origin/main refs/remotes/origin/main [3ms]
2024-08-03 15:04:25.112 [warning] [Git][getBranch] No such branch: origin/main
2024-08-03 15:04:25.124 [info] > git reflog main --grep-reflog=branch: Created from *. [10ms]
2024-08-03 15:04:25.128 [info] > git ls-files --stage -- /home/cs300-user/cs300-s24-labs/lab0/hello_world.c [7ms]
2024-08-03 15:04:25.130 [info] > git symbolic-ref --short refs/remotes/origin/HEAD [2ms]
2024-08-03 15:04:25.131 [info] fatal: ref refs/remotes/origin/HEAD is not a symbolic ref
2024-08-03 15:04:25.133 [info] > git cat-file -s 02679daa03a7da48b8e18300c45520d289f1686f [4ms]
2024-08-03 15:04:25.144 [info] > git show --textconv :lab0/hello_world.c [4ms]
2024-08-03 15:06:11.306 [info] > git rev-parse --show-toplevel [6ms]
2024-08-03 15:06:11.316 [info] > git rev-parse --git-dir --git-common-dir [3ms]
2024-08-03 15:06:11.333 [info] [Model][openRepository] Opened repository: /home/cs300-user
2024-08-03 15:06:11.340 [info] [Git][getRemotes] No remotes found in the git config file
2024-08-03 15:06:11.347 [info] > git config --get commit.template [7ms]
2024-08-03 15:06:11.362 [info] > git for-each-ref --format=%(refname)%00%(upstream:short)%00%(objectname)%00%(upstream:track)%00%(upstream:remotename)%00%(upstream:remoteref) refs/heads/main refs/remotes/main [18ms]
2024-08-03 15:06:11.363 [warning] [Git][getBranch] No such branch: main
2024-08-03 15:06:11.697 [info] > git status -z -uall [329ms]
2024-08-03 15:06:11.738 [info] > git for-each-ref --format=%(refname)%00%(upstream:short)%00%(objectname)%00%(upstream:track)%00%(upstream:remotename)%00%(upstream:remoteref) refs/heads/main refs/remotes/main [32ms]
2024-08-03 15:06:11.739 [warning] [Git][getBranch] No such branch: main
2024-08-03 15:06:11.741 [info] [Git][getRemotes] No remotes found in the git config file
2024-08-03 15:06:11.741 [info] > git config --get commit.template [3ms]
2024-08-03 15:06:11.743 [info] > git for-each-ref --format=%(refname)%00%(upstream:short)%00%(objectname)%00%(upstream:track)%00%(upstream:remotename)%00%(upstream:remoteref) refs/heads/main refs/remotes/main [2ms]
2024-08-03 15:06:11.743 [warning] [Git][getBranch] No such branch: main
2024-08-03 15:06:12.227 [info] > git status -z -uall [482ms]
2024-08-03 15:06:12.913 [info] > git check-ignore -v -z --stdin [805ms]
2024-08-03 15:06:12.915 [info] > git check-ignore -v -z --stdin [803ms]
2024-08-03 15:06:12.916 [info] > git check-ignore -v -z --stdin [798ms]
2024-08-03 15:06:12.916 [info] > git check-ignore -v -z --stdin [790ms]
2024-08-03 15:06:12.916 [info] > git check-ignore -v -z --stdin [783ms]
2024-08-03 15:06:12.917 [info] > git for-each-ref --format=%(refname)%00%(upstream:short)%00%(objectname)%00%(upstream:track)%00%(upstream:remotename)%00%(upstream:remoteref) refs/heads/main refs/remotes/main [640ms]
2024-08-03 15:06:12.917 [warning] [Git][getBranch] No such branch: main
2024-08-03 15:06:18.238 [info] [Git][getRemotes] No remotes found in the git config file
2024-08-03 15:06:18.239 [info] > git config --get commit.template [11ms]
2024-08-03 15:06:18.243 [info] > git for-each-ref --format=%(refname)%00%(upstream:short)%00%(objectname)%00%(upstream:track)%00%(upstream:remotename)%00%(upstream:remoteref) refs/heads/main refs/remotes/main [5ms]
2024-08-03 15:06:18.243 [warning] [Git][getBranch] No such branch: main
2024-08-03 15:06:18.531 [info] > git status -z -uall [273ms]
2024-08-03 15:06:18.567 [info] > git for-each-ref --format=%(refname)%00%(upstream:short)%00%(objectname)%00%(upstream:track)%00%(upstream:remotename)%00%(upstream:remoteref) refs/heads/main refs/remotes/main [29ms]
2024-08-03 15:06:18.567 [warning] [Git][getBranch] No such branch: main
2024-08-03 15:06:33.850 [info] [Git][getRemotes] No remotes found in the git config file
2024-08-03 15:06:33.851 [info] > git config --get commit.template [5ms]
2024-08-03 15:06:33.853 [info] > git for-each-ref --format=%(refname)%00%(upstream:short)%00%(objectname)%00%(upstream:track)%00%(upstream:remotename)%00%(upstream:remoteref) refs/heads/main refs/remotes/main [4ms]
2024-08-03 15:06:33.853 [warning] [Git][getBranch] No such branch: main
2024-08-03 15:06:34.151 [info] > git status -z -uall [293ms]
2024-08-03 15:06:34.183 [info] > git for-each-ref --format=%(refname)%00%(upstream:short)%00%(objectname)%00%(upstream:track)%00%(upstream:remotename)%00%(upstream:remoteref) refs/heads/main refs/remotes/main [21ms]
2024-08-03 15:06:34.183 [warning] [Git][getBranch] No such branch: main
2024-08-03 15:07:12.832 [info] [Git][getRemotes] No remotes found in the git config file
2024-08-03 15:07:12.834 [info] > git config --get commit.template [5ms]
2024-08-03 15:07:12.837 [info] > git for-each-ref --format=%(refname)%00%(upstream:short)%00%(objectname)%00%(upstream:track)%00%(upstream:remotename)%00%(upstream:remoteref) refs/heads/main refs/remotes/main [6ms]
2024-08-03 15:07:12.837 [warning] [Git][getBranch] No such branch: main
2024-08-03 15:07:13.102 [info] > git status -z -uall [263ms]
2024-08-03 15:07:13.132 [info] > git for-each-ref --format=%(refname)%00%(upstream:short)%00%(objectname)%00%(upstream:track)%00%(upstream:remotename)%00%(upstream:remoteref) refs/heads/main refs/remotes/main [18ms]
2024-08-03 15:07:13.133 [warning] [Git][getBranch] No such branch: main
2024-08-03 15:07:23.596 [info] [Git][getRemotes] No remotes found in the git config file
2024-08-03 15:07:23.666 [info] > git config --get commit.template [6ms]
2024-08-03 15:07:23.666 [info] > git for-each-ref --format=%(refname)%00%(upstream:short)%00%(objectname)%00%(upstream:track)%00%(upstream:remotename)%00%(upstream:remoteref) refs/heads/main refs/remotes/main [13ms]
2024-08-03 15:07:23.666 [warning] [Git][getBranch] No such branch: main
2024-08-03 15:07:23.943 [info] > git status -z -uall [274ms]
2024-08-03 15:07:23.973 [info] > git for-each-ref --format=%(refname)%00%(upstream:short)%00%(objectname)%00%(upstream:track)%00%(upstream:remotename)%00%(upstream:remoteref) refs/heads/main refs/remotes/main [20ms]
2024-08-03 15:07:23.975 [warning] [Git][getBranch] No such branch: main
2024-08-03 15:07:25.619 [info] > git ls-files --stage -- /home/cs300-user/cs300-s24-labs/lab0/hello_world.c [7ms]
2024-08-03 15:07:25.629 [info] > git cat-file -s 02679daa03a7da48b8e18300c45520d289f1686f [8ms]
2024-08-03 15:07:25.646 [info] > git show --textconv :lab0/hello_world.c [8ms]
2024-08-03 15:07:28.986 [info] > git config --get commit.template [4ms]
2024-08-03 15:07:28.988 [info] > git for-each-ref --format=%(refname)%00%(upstream:short)%00%(objectname)%00%(upstream:track)%00%(upstream:remotename)%00%(upstream:remoteref) refs/heads/main refs/remotes/main [5ms]
2024-08-03 15:07:28.988 [warning] [Git][getBranch] No such branch: main
2024-08-03 15:07:29.219 [info] > git status -z -uall [229ms]
2024-08-03 15:07:29.235 [info] > git for-each-ref --format=%(refname)%00%(upstream:short)%00%(objectname)%00%(upstream:track)%00%(upstream:remotename)%00%(upstream:remoteref) refs/heads/main refs/remotes/main [11ms]
2024-08-03 15:07:29.235 [warning] [Git][getBranch] No such branch: main
2024-08-03 15:07:34.266 [info] > git for-each-ref --format=%(refname)%00%(upstream:short)%00%(objectname)%00%(upstream:track)%00%(upstream:remotename)%00%(upstream:remoteref) refs/heads/main refs/remotes/main [10ms]
2024-08-03 15:07:34.267 [warning] [Git][getBranch] No such branch: main
2024-08-03 15:07:34.268 [info] > git config --get commit.template [6ms]
2024-08-03 15:07:34.508 [info] > git status -z -uall [237ms]
2024-08-03 15:07:34.532 [info] > git for-each-ref --format=%(refname)%00%(upstream:short)%00%(objectname)%00%(upstream:track)%00%(upstream:remotename)%00%(upstream:remoteref) refs/heads/main refs/remotes/main [12ms]
2024-08-03 15:07:34.532 [warning] [Git][getBranch] No such branch: main
2024-08-03 15:08:00.624 [info] > git config --get commit.template [9ms]
2024-08-03 15:08:00.627 [info] > git for-each-ref --format=%(refname)%00%(upstream:short)%00%(objectname)%00%(upstream:track)%00%(upstream:remotename)%00%(upstream:remoteref) refs/heads/main refs/remotes/main [6ms]
2024-08-03 15:08:00.628 [warning] [Git][getBranch] No such branch: main
2024-08-03 15:08:00.900 [info] > git status -z -uall [266ms]
2024-08-03 15:08:00.965 [info] > git for-each-ref --format=%(refname)%00%(upstream:short)%00%(objectname)%00%(upstream:track)%00%(upstream:remotename)%00%(upstream:remoteref) refs/heads/main refs/remotes/main [26ms]
2024-08-03 15:08:00.965 [warning] [Git][getBranch] No such branch: main
2024-08-03 15:08:07.860 [info] > git config --get commit.template [32ms]
2024-08-03 15:08:07.862 [info] > git for-each-ref --format=%(refname)%00%(upstream:short)%00%(objectname)%00%(upstream:track)%00%(upstream:remotename)%00%(upstream:remoteref) refs/heads/main refs/remotes/main [29ms]
2024-08-03 15:08:07.863 [warning] [Git][getBranch] No such branch: main
2024-08-03 15:08:08.123 [info] > git status -z -uall [257ms]
2024-08-03 15:08:08.163 [info] > git for-each-ref --format=%(refname)%00%(upstream:short)%00%(objectname)%00%(upstream:track)%00%(upstream:remotename)%00%(upstream:remoteref) refs/heads/main refs/remotes/main [28ms]
2024-08-03 15:08:08.163 [warning] [Git][getBranch] No such branch: main
2024-08-03 15:08:13.183 [info] > git config --get commit.template [9ms]
2024-08-03 15:08:13.188 [info] > git for-each-ref --format=%(refname)%00%(upstream:short)%00%(objectname)%00%(upstream:track)%00%(upstream:remotename)%00%(upstream:remoteref) refs/heads/main refs/remotes/main [6ms]
2024-08-03 15:08:13.188 [warning] [Git][getBranch] No such branch: main
2024-08-03 15:08:13.480 [info] > git status -z -uall [289ms]
2024-08-03 15:08:13.525 [info] > git for-each-ref --format=%(refname)%00%(upstream:short)%00%(objectname)%00%(upstream:track)%00%(upstream:remotename)%00%(upstream:remoteref) refs/heads/main refs/remotes/main [34ms]
2024-08-03 15:08:13.528 [warning] [Git][getBranch] No such branch: main
2024-08-03 15:08:18.547 [info] > git config --get commit.template [6ms]
2024-08-03 15:08:18.550 [info] > git for-each-ref --format=%(refname)%00%(upstream:short)%00%(objectname)%00%(upstream:track)%00%(upstream:remotename)%00%(upstream:remoteref) refs/heads/main refs/remotes/main [6ms]
2024-08-03 15:08:18.551 [warning] [Git][getBranch] No such branch: main
2024-08-03 15:08:18.914 [info] > git status -z -uall [361ms]
2024-08-03 15:08:18.946 [info] > git for-each-ref --format=%(refname)%00%(upstream:short)%00%(objectname)%00%(upstream:track)%00%(upstream:remotename)%00%(upstream:remoteref) refs/heads/main refs/remotes/main [24ms]
2024-08-03 15:08:18.947 [warning] [Git][getBranch] No such branch: main
2024-08-03 15:08:23.968 [info] > git config --get commit.template [5ms]
2024-08-03 15:08:23.971 [info] > git for-each-ref --format=%(refname)%00%(upstream:short)%00%(objectname)%00%(upstream:track)%00%(upstream:remotename)%00%(upstream:remoteref) refs/heads/main refs/remotes/main [5ms]
2024-08-03 15:08:23.971 [warning] [Git][getBranch] No such branch: main
2024-08-03 15:08:24.235 [info] > git status -z -uall [262ms]
2024-08-03 15:08:24.261 [info] > git for-each-ref --format=%(refname)%00%(upstream:short)%00%(objectname)%00%(upstream:track)%00%(upstream:remotename)%00%(upstream:remoteref) refs/heads/main refs/remotes/main [18ms]
2024-08-03 15:08:24.261 [warning] [Git][getBranch] No such branch: main
2024-08-03 15:08:29.295 [info] > git config --get commit.template [6ms]
2024-08-03 15:08:29.300 [info] > git for-each-ref --format=%(refname)%00%(upstream:short)%00%(objectname)%00%(upstream:track)%00%(upstream:remotename)%00%(upstream:remoteref) refs/heads/main refs/remotes/main [7ms]
2024-08-03 15:08:29.301 [warning] [Git][getBranch] No such branch: main
2024-08-03 15:08:29.954 [info] > git status -z -uall [651ms]
2024-08-03 15:08:29.994 [info] > git for-each-ref --format=%(refname)%00%(upstream:short)%00%(objectname)%00%(upstream:track)%00%(upstream:remotename)%00%(upstream:remoteref) refs/heads/main refs/remotes/main [23ms]
2024-08-03 15:08:29.994 [warning] [Git][getBranch] No such branch: main
2024-08-03 15:08:37.617 [info] > git config --get commit.template [48ms]
2024-08-03 15:08:37.624 [info] > git for-each-ref --format=%(refname)%00%(upstream:short)%00%(objectname)%00%(upstream:track)%00%(upstream:remotename)%00%(upstream:remoteref) refs/heads/main refs/remotes/main [14ms]
2024-08-03 15:08:37.625 [warning] [Git][getBranch] No such branch: main
2024-08-03 15:08:38.239 [info] > git status -z -uall [608ms]
2024-08-03 15:08:38.278 [info] > git for-each-ref --format=%(refname)%00%(upstream:short)%00%(objectname)%00%(upstream:track)%00%(upstream:remotename)%00%(upstream:remoteref) refs/heads/main refs/remotes/main [21ms]
2024-08-03 15:08:38.278 [warning] [Git][getBranch] No such branch: main
2024-08-03 15:08:38.280 [info] > git config --get commit.template [3ms]
2024-08-03 15:08:38.282 [info] > git for-each-ref --format=%(refname)%00%(upstream:short)%00%(objectname)%00%(upstream:track)%00%(upstream:remotename)%00%(upstream:remoteref) refs/heads/main refs/remotes/main [3ms]
2024-08-03 15:08:38.282 [warning] [Git][getBranch] No such branch: main
2024-08-03 15:08:38.692 [info] > git status -z -uall [408ms]
2024-08-03 15:08:38.715 [info] > git for-each-ref --format=%(refname)%00%(upstream:short)%00%(objectname)%00%(upstream:track)%00%(upstream:remotename)%00%(upstream:remoteref) refs/heads/main refs/remotes/main [17ms]
2024-08-03 15:08:38.716 [warning] [Git][getBranch] No such branch: main
2024-08-03 15:08:38.729 [info] > git ls-files --stage -- /home/cs300-user/cs300-s24-labs/lab0/hello_world.c [3ms]
2024-08-03 15:08:38.735 [info] > git cat-file -s 02679daa03a7da48b8e18300c45520d289f1686f [4ms]
2024-08-03 15:08:38.748 [info] > git show --textconv :lab0/hello_world.c [5ms]
2024-08-03 15:08:43.740 [info] > git config --get commit.template [7ms]
2024-08-03 15:08:43.746 [info] > git for-each-ref --format=%(refname)%00%(upstream:short)%00%(objectname)%00%(upstream:track)%00%(upstream:remotename)%00%(upstream:remoteref) refs/heads/main refs/remotes/main [7ms]
2024-08-03 15:08:43.746 [warning] [Git][getBranch] No such branch: main
2024-08-03 15:08:44.464 [info] > git status -z -uall [714ms]
2024-08-03 15:08:44.486 [info] > git for-each-ref --format=%(refname)%00%(upstream:short)%00%(objectname)%00%(upstream:track)%00%(upstream:remotename)%00%(upstream:remoteref) refs/heads/main refs/remotes/main [12ms]
2024-08-03 15:08:44.486 [warning] [Git][getBranch] No such branch: main
2024-08-03 15:09:24.782 [info] > git config --get commit.template [9ms]
2024-08-03 15:09:24.786 [info] > git for-each-ref --format=%(refname)%00%(upstream:short)%00%(objectname)%00%(upstream:track)%00%(upstream:remotename)%00%(upstream:remoteref) refs/heads/main refs/remotes/main [9ms]
2024-08-03 15:09:24.786 [warning] [Git][getBranch] No such branch: main
2024-08-03 15:09:25.445 [info] > git status -z -uall [655ms]
2024-08-03 15:09:25.491 [info] > git for-each-ref --format=%(refname)%00%(upstream:short)%00%(objectname)%00%(upstream:track)%00%(upstream:remotename)%00%(upstream:remoteref) refs/heads/main refs/remotes/main [21ms]
2024-08-03 15:09:25.491 [warning] [Git][getBranch] No such branch: main
2024-08-03 15:09:30.840 [info] > git config --get commit.template [23ms]
2024-08-03 15:09:30.843 [info] > git for-each-ref --format=%(refname)%00%(upstream:short)%00%(objectname)%00%(upstream:track)%00%(upstream:remotename)%00%(upstream:remoteref) refs/heads/main refs/remotes/main [12ms]
2024-08-03 15:09:30.844 [warning] [Git][getBranch] No such branch: main
2024-08-03 15:09:31.332 [info] > git status -z -uall [483ms]
2024-08-03 15:09:31.370 [info] > git for-each-ref --format=%(refname)%00%(upstream:short)%00%(objectname)%00%(upstream:track)%00%(upstream:remotename)%00%(upstream:remoteref) refs/heads/main refs/remotes/main [27ms]
2024-08-03 15:09:31.370 [warning] [Git][getBranch] No such branch: main
2024-08-03 15:09:33.959 [info] > git config --get commit.template [4ms]
2024-08-03 15:09:33.961 [info] > git for-each-ref --format=%(refname)%00%(upstream:short)%00%(objectname)%00%(upstream:track)%00%(upstream:remotename)%00%(upstream:remoteref) refs/heads/main refs/remotes/main [3ms]
2024-08-03 15:09:33.961 [warning] [Git][getBranch] No such branch: main
2024-08-03 15:09:34.147 [info] > git status -z -uall [184ms]
2024-08-03 15:09:34.175 [info] > git for-each-ref --format=%(refname)%00%(upstream:short)%00%(objectname)%00%(upstream:track)%00%(upstream:remotename)%00%(upstream:remoteref) refs/heads/main refs/remotes/main [23ms]
2024-08-03 15:09:34.176 [warning] [Git][getBranch] No such branch: main
2024-08-03 15:09:35.215 [info] > git ls-files --stage -- /home/cs300-user/cs300-s24-labs/lab0/hello_world.c [9ms]
2024-08-03 15:09:35.230 [info] > git show --textconv :lab0/hello_world.c [6ms]
2024-08-03 15:09:36.382 [info] > git config --get commit.template [4ms]
2024-08-03 15:09:36.385 [info] > git for-each-ref --format=%(refname)%00%(upstream:short)%00%(objectname)%00%(upstream:track)%00%(upstream:remotename)%00%(upstream:remoteref) refs/heads/main refs/remotes/main [3ms]
2024-08-03 15:09:36.386 [warning] [Git][getBranch] No such branch: main
2024-08-03 15:09:36.609 [info] > git status -z -uall [222ms]
2024-08-03 15:09:36.632 [info] > git for-each-ref --format=%(refname)%00%(upstream:short)%00%(objectname)%00%(upstream:track)%00%(upstream:remotename)%00%(upstream:remoteref) refs/heads/main refs/remotes/main [15ms]
2024-08-03 15:09:36.632 [warning] [Git][getBranch] No such branch: main
2024-08-03 15:09:41.669 [info] > git config --get commit.template [6ms]
2024-08-03 15:09:41.669 [info] > git for-each-ref --format=%(refname)%00%(upstream:short)%00%(objectname)%00%(upstream:track)%00%(upstream:remotename)%00%(upstream:remoteref) refs/heads/main refs/remotes/main [12ms]
2024-08-03 15:09:41.670 [warning] [Git][getBranch] No such branch: main
2024-08-03 15:09:41.902 [info] > git status -z -uall [230ms]
2024-08-03 15:09:41.921 [info] > git for-each-ref --format=%(refname)%00%(upstream:short)%00%(objectname)%00%(upstream:track)%00%(upstream:remotename)%00%(upstream:remoteref) refs/heads/main refs/remotes/main [14ms]
2024-08-03 15:09:41.922 [warning] [Git][getBranch] No such branch: main
2024-08-03 15:09:46.961 [info] > git config --get commit.template [5ms]
2024-08-03 15:09:46.964 [info] > git for-each-ref --format=%(refname)%00%(upstream:short)%00%(objectname)%00%(upstream:track)%00%(upstream:remotename)%00%(upstream:remoteref) refs/heads/main refs/remotes/main [4ms]
2024-08-03 15:09:46.964 [warning] [Git][getBranch] No such branch: main
2024-08-03 15:09:47.202 [info] > git status -z -uall [235ms]
2024-08-03 15:09:47.218 [info] > git for-each-ref --format=%(refname)%00%(upstream:short)%00%(objectname)%00%(upstream:track)%00%(upstream:remotename)%00%(upstream:remoteref) refs/heads/main refs/remotes/main [11ms]
2024-08-03 15:09:47.218 [warning] [Git][getBranch] No such branch: main
2024-08-03 15:09:51.328 [info] > git ls-files --stage -- /home/cs300-user/cs300-s24-labs/lab0/hello_world.c [22ms]
2024-08-03 15:09:51.356 [info] > git show --textconv :lab0/hello_world.c [16ms]
2024-08-03 15:09:51.926 [info] > git config --get commit.template [3ms]
2024-08-03 15:09:51.930 [info] > git for-each-ref --format=%(refname)%00%(upstream:short)%00%(objectname)%00%(upstream:track)%00%(upstream:remotename)%00%(upstream:remoteref) refs/heads/main refs/remotes/main [6ms]
2024-08-03 15:09:52.248 [info] > git status -z -uall [313ms]
2024-08-03 15:09:52.269 [info] > git for-each-ref --format=%(refname)%00%(upstream:short)%00%(objectname)%00%(upstream:track)%00%(upstream:remotename)%00%(upstream:remoteref) refs/heads/main refs/remotes/main [17ms]
2024-08-03 15:09:52.282 [info] > git config --local branch.main.vscode-merge-base [2ms]
2024-08-03 15:09:52.282 [warning] [Git][config] git config failed: Failed to execute git
2024-08-03 15:09:52.285 [info] > git config --get commit.template [17ms]
2024-08-03 15:09:52.295 [info] > git for-each-ref --format=%(refname)%00%(upstream:short)%00%(objectname)%00%(upstream:track)%00%(upstream:remotename)%00%(upstream:remoteref) refs/heads/main refs/remotes/main [9ms]
2024-08-03 15:09:52.297 [info] > git reflog main --grep-reflog=branch: Created from *. [13ms]
2024-08-03 15:09:52.304 [info] > git symbolic-ref --short refs/remotes/origin/HEAD [5ms]
2024-08-03 15:09:52.305 [info] fatal: ref refs/remotes/origin/HEAD is not a symbolic ref
2024-08-03 15:09:52.506 [info] > git status -z -uall [208ms]
2024-08-03 15:09:52.512 [info] > git for-each-ref --format=%(refname)%00%(upstream:short)%00%(objectname)%00%(upstream:track)%00%(upstream:remotename)%00%(upstream:remoteref) refs/heads/main refs/remotes/main [4ms]
2024-08-03 15:09:52.516 [info] > git config --local branch.main.vscode-merge-base [2ms]
2024-08-03 15:09:52.516 [warning] [Git][config] git config failed: Failed to execute git
2024-08-03 15:09:52.523 [info] > git reflog main --grep-reflog=branch: Created from *. [5ms]
2024-08-03 15:09:52.526 [info] > git symbolic-ref --short refs/remotes/origin/HEAD [2ms]
2024-08-03 15:09:52.527 [info] fatal: ref refs/remotes/origin/HEAD is not a symbolic ref
2024-08-03 15:10:00.791 [info] > git config --get commit.template [12ms]
2024-08-03 15:10:00.801 [info] > git for-each-ref --format=%(refname)%00%(upstream:short)%00%(objectname)%00%(upstream:track)%00%(upstream:remotename)%00%(upstream:remoteref) refs/heads/main refs/remotes/main [16ms]
2024-08-03 15:10:01.175 [info] > git status -z -uall [369ms]
2024-08-03 15:10:01.186 [info] > git for-each-ref --format=%(refname)%00%(upstream:short)%00%(objectname)%00%(upstream:track)%00%(upstream:remotename)%00%(upstream:remoteref) refs/heads/main refs/remotes/main [7ms]
2024-08-03 15:10:01.190 [info] > git config --local branch.main.vscode-merge-base [2ms]
2024-08-03 15:10:01.190 [warning] [Git][config] git config failed: Failed to execute git
2024-08-03 15:10:01.208 [info] > git reflog main --grep-reflog=branch: Created from *. [11ms]
2024-08-03 15:10:01.213 [info] > git symbolic-ref --short refs/remotes/origin/HEAD [3ms]
2024-08-03 15:10:01.213 [info] fatal: ref refs/remotes/origin/HEAD is not a symbolic ref
2024-08-03 15:10:06.205 [info] > git config --get commit.template [5ms]
2024-08-03 15:10:06.212 [info] > git for-each-ref --format=%(refname)%00%(upstream:short)%00%(objectname)%00%(upstream:track)%00%(upstream:remotename)%00%(upstream:remoteref) refs/heads/main refs/remotes/main [9ms]
2024-08-03 15:10:06.446 [info] > git status -z -uall [232ms]
2024-08-03 15:10:06.455 [info] > git for-each-ref --format=%(refname)%00%(upstream:short)%00%(objectname)%00%(upstream:track)%00%(upstream:remotename)%00%(upstream:remoteref) refs/heads/main refs/remotes/main [6ms]
2024-08-03 15:10:06.459 [info] > git config --local branch.main.vscode-merge-base [2ms]
2024-08-03 15:10:06.459 [warning] [Git][config] git config failed: Failed to execute git
2024-08-03 15:10:06.466 [info] > git reflog main --grep-reflog=branch: Created from *. [5ms]
2024-08-03 15:10:06.470 [info] > git symbolic-ref --short refs/remotes/origin/HEAD [2ms]
2024-08-03 15:10:06.470 [info] fatal: ref refs/remotes/origin/HEAD is not a symbolic ref
2024-08-03 15:10:11.477 [info] > git config --get commit.template [11ms]
2024-08-03 15:10:11.480 [info] > git for-each-ref --format=%(refname)%00%(upstream:short)%00%(objectname)%00%(upstream:track)%00%(upstream:remotename)%00%(upstream:remoteref) refs/heads/main refs/remotes/main [7ms]
2024-08-03 15:10:11.716 [info] > git status -z -uall [234ms]
2024-08-03 15:10:11.723 [info] > git for-each-ref --format=%(refname)%00%(upstream:short)%00%(objectname)%00%(upstream:track)%00%(upstream:remotename)%00%(upstream:remoteref) refs/heads/main refs/remotes/main [4ms]
2024-08-03 15:10:11.727 [info] > git config --local branch.main.vscode-merge-base [1ms]
2024-08-03 15:10:11.727 [warning] [Git][config] git config failed: Failed to execute git
2024-08-03 15:10:11.733 [info] > git reflog main --grep-reflog=branch: Created from *. [5ms]
2024-08-03 15:10:11.736 [info] > git symbolic-ref --short refs/remotes/origin/HEAD [2ms]
2024-08-03 15:10:11.736 [info] fatal: ref refs/remotes/origin/HEAD is not a symbolic ref
2024-08-03 15:10:16.743 [info] > git config --get commit.template [5ms]
2024-08-03 15:10:16.753 [info] > git for-each-ref --format=%(refname)%00%(upstream:short)%00%(objectname)%00%(upstream:track)%00%(upstream:remotename)%00%(upstream:remoteref) refs/heads/main refs/remotes/main [13ms]
2024-08-03 15:10:16.984 [info] > git status -z -uall [227ms]
2024-08-03 15:10:16.994 [info] > git for-each-ref --format=%(refname)%00%(upstream:short)%00%(objectname)%00%(upstream:track)%00%(upstream:remotename)%00%(upstream:remoteref) refs/heads/main refs/remotes/main [7ms]
2024-08-03 15:10:17.000 [info] > git config --local branch.main.vscode-merge-base [1ms]
2024-08-03 15:10:17.000 [warning] [Git][config] git config failed: Failed to execute git
2024-08-03 15:10:17.009 [info] > git reflog main --grep-reflog=branch: Created from *. [8ms]
2024-08-03 15:10:17.013 [info] > git symbolic-ref --short refs/remotes/origin/HEAD [3ms]
2024-08-03 15:10:17.013 [info] fatal: ref refs/remotes/origin/HEAD is not a symbolic ref
2024-08-03 15:10:22.011 [info] > git config --get commit.template [6ms]
2024-08-03 15:10:22.017 [info] > git for-each-ref --format=%(refname)%00%(upstream:short)%00%(objectname)%00%(upstream:track)%00%(upstream:remotename)%00%(upstream:remoteref) refs/heads/main refs/remotes/main [10ms]
2024-08-03 15:10:22.248 [info] > git status -z -uall [228ms]
2024-08-03 15:10:22.258 [info] > git for-each-ref --format=%(refname)%00%(upstream:short)%00%(objectname)%00%(upstream:track)%00%(upstream:remotename)%00%(upstream:remoteref) refs/heads/main refs/remotes/main [7ms]
2024-08-03 15:10:22.261 [info] > git config --local branch.main.vscode-merge-base [2ms]
2024-08-03 15:10:22.261 [warning] [Git][config] git config failed: Failed to execute git
2024-08-03 15:10:22.269 [info] > git reflog main --grep-reflog=branch: Created from *. [6ms]
2024-08-03 15:10:22.274 [info] > git symbolic-ref --short refs/remotes/origin/HEAD [2ms]
2024-08-03 15:10:22.274 [info] fatal: ref refs/remotes/origin/HEAD is not a symbolic ref
2024-08-03 15:10:28.233 [info] > git config --get commit.template [15ms]
2024-08-03 15:10:28.240 [info] > git for-each-ref --format=%(refname)%00%(upstream:short)%00%(objectname)%00%(upstream:track)%00%(upstream:remotename)%00%(upstream:remoteref) refs/heads/main refs/remotes/main [21ms]
2024-08-03 15:10:28.504 [info] > git status -z -uall [261ms]
2024-08-03 15:10:28.515 [info] > git for-each-ref --format=%(refname)%00%(upstream:short)%00%(objectname)%00%(upstream:track)%00%(upstream:remotename)%00%(upstream:remoteref) refs/heads/main refs/remotes/main [8ms]
2024-08-03 15:10:28.522 [info] > git config --local branch.main.vscode-merge-base [4ms]
2024-08-03 15:10:28.523 [warning] [Git][config] git config failed: Failed to execute git
2024-08-03 15:10:28.542 [info] > git reflog main --grep-reflog=branch: Created from *. [14ms]
2024-08-03 15:10:28.547 [info] > git symbolic-ref --short refs/remotes/origin/HEAD [3ms]
2024-08-03 15:10:28.547 [info] fatal: ref refs/remotes/origin/HEAD is not a symbolic ref
2024-08-03 15:10:33.524 [info] > git config --get commit.template [8ms]
2024-08-03 15:10:33.528 [info] > git for-each-ref --format=%(refname)%00%(upstream:short)%00%(objectname)%00%(upstream:track)%00%(upstream:remotename)%00%(upstream:remoteref) refs/heads/main refs/remotes/main [12ms]
2024-08-03 15:10:34.045 [info] > git status -z -uall [515ms]
2024-08-03 15:10:34.082 [info] > git for-each-ref --format=%(refname)%00%(upstream:short)%00%(objectname)%00%(upstream:track)%00%(upstream:remotename)%00%(upstream:remoteref) refs/heads/main refs/remotes/main [12ms]
2024-08-03 15:10:34.097 [info] > git config --local branch.main.vscode-merge-base [10ms]
2024-08-03 15:10:34.097 [warning] [Git][config] git config failed: Failed to execute git
2024-08-03 15:10:34.120 [info] > git reflog main --grep-reflog=branch: Created from *. [13ms]
2024-08-03 15:10:34.126 [info] > git symbolic-ref --short refs/remotes/origin/HEAD [4ms]
2024-08-03 15:10:34.127 [info] fatal: ref refs/remotes/origin/HEAD is not a symbolic ref
2024-08-03 15:10:36.361 [info] > git check-ignore -v -z --stdin [9ms]
2024-08-03 15:10:39.096 [info] > git config --get commit.template [6ms]
2024-08-03 15:10:39.104 [info] > git for-each-ref --format=%(refname)%00%(upstream:short)%00%(objectname)%00%(upstream:track)%00%(upstream:remotename)%00%(upstream:remoteref) refs/heads/main refs/remotes/main [10ms]
2024-08-03 15:10:39.293 [info] > git status -z -uall [187ms]
2024-08-03 15:10:39.303 [info] > git for-each-ref --format=%(refname)%00%(upstream:short)%00%(objectname)%00%(upstream:track)%00%(upstream:remotename)%00%(upstream:remoteref) refs/heads/main refs/remotes/main [6ms]
2024-08-03 15:10:39.306 [info] > git config --local branch.main.vscode-merge-base [2ms]
2024-08-03 15:10:39.306 [warning] [Git][config] git config failed: Failed to execute git
2024-08-03 15:10:39.315 [info] > git reflog main --grep-reflog=branch: Created from *. [8ms]
2024-08-03 15:10:39.319 [info] > git symbolic-ref --short refs/remotes/origin/HEAD [3ms]
2024-08-03 15:10:39.319 [info] fatal: ref refs/remotes/origin/HEAD is not a symbolic ref
2024-08-03 15:10:44.325 [info] > git config --get commit.template [7ms]
2024-08-03 15:10:44.331 [info] > git for-each-ref --format=%(refname)%00%(upstream:short)%00%(objectname)%00%(upstream:track)%00%(upstream:remotename)%00%(upstream:remoteref) refs/heads/main refs/remotes/main [9ms]
2024-08-03 15:10:44.579 [info] > git status -z -uall [245ms]
2024-08-03 15:10:44.589 [info] > git for-each-ref --format=%(refname)%00%(upstream:short)%00%(objectname)%00%(upstream:track)%00%(upstream:remotename)%00%(upstream:remoteref) refs/heads/main refs/remotes/main [5ms]
2024-08-03 15:10:44.593 [info] > git config --local branch.main.vscode-merge-base [2ms]
2024-08-03 15:10:44.593 [warning] [Git][config] git config failed: Failed to execute git
2024-08-03 15:10:44.600 [info] > git reflog main --grep-reflog=branch: Created from *. [5ms]
2024-08-03 15:10:44.603 [info] > git symbolic-ref --short refs/remotes/origin/HEAD [2ms]
2024-08-03 15:10:44.604 [info] fatal: ref refs/remotes/origin/HEAD is not a symbolic ref
2024-08-03 15:10:49.597 [info] > git config --get commit.template [3ms]
2024-08-03 15:10:49.601 [info] > git for-each-ref --format=%(refname)%00%(upstream:short)%00%(objectname)%00%(upstream:track)%00%(upstream:remotename)%00%(upstream:remoteref) refs/heads/main refs/remotes/main [4ms]
2024-08-03 15:10:49.827 [info] > git status -z -uall [225ms]
2024-08-03 15:10:49.834 [info] > git for-each-ref --format=%(refname)%00%(upstream:short)%00%(objectname)%00%(upstream:track)%00%(upstream:remotename)%00%(upstream:remoteref) refs/heads/main refs/remotes/main [5ms]
2024-08-03 15:10:49.841 [info] > git config --local branch.main.vscode-merge-base [3ms]
2024-08-03 15:10:49.841 [warning] [Git][config] git config failed: Failed to execute git
2024-08-03 15:10:49.848 [info] > git reflog main --grep-reflog=branch: Created from *. [5ms]
2024-08-03 15:10:49.851 [info] > git symbolic-ref --short refs/remotes/origin/HEAD [2ms]
2024-08-03 15:10:49.851 [info] fatal: ref refs/remotes/origin/HEAD is not a symbolic ref
2024-08-03 15:10:54.838 [info] > git config --get commit.template [3ms]
2024-08-03 15:10:54.841 [info] > git for-each-ref --format=%(refname)%00%(upstream:short)%00%(objectname)%00%(upstream:track)%00%(upstream:remotename)%00%(upstream:remoteref) refs/heads/main refs/remotes/main [5ms]
2024-08-03 15:10:55.070 [info] > git status -z -uall [228ms]
2024-08-03 15:10:55.077 [info] > git for-each-ref --format=%(refname)%00%(upstream:short)%00%(objectname)%00%(upstream:track)%00%(upstream:remotename)%00%(upstream:remoteref) refs/heads/main refs/remotes/main [4ms]
2024-08-03 15:10:55.080 [info] > git config --local branch.main.vscode-merge-base [2ms]
2024-08-03 15:10:55.081 [warning] [Git][config] git config failed: Failed to execute git
2024-08-03 15:10:55.087 [info] > git reflog main --grep-reflog=branch: Created from *. [5ms]
2024-08-03 15:10:55.092 [info] > git symbolic-ref --short refs/remotes/origin/HEAD [3ms]
2024-08-03 15:10:55.092 [info] fatal: ref refs/remotes/origin/HEAD is not a symbolic ref
2024-08-03 15:11:00.085 [info] > git config --get commit.template [4ms]
2024-08-03 15:11:00.089 [info] > git for-each-ref --format=%(refname)%00%(upstream:short)%00%(objectname)%00%(upstream:track)%00%(upstream:remotename)%00%(upstream:remoteref) refs/heads/main refs/remotes/main [10ms]
2024-08-03 15:11:00.284 [info] > git status -z -uall [193ms]
2024-08-03 15:11:00.292 [info] > git for-each-ref --format=%(refname)%00%(upstream:short)%00%(objectname)%00%(upstream:track)%00%(upstream:remotename)%00%(upstream:remoteref) refs/heads/main refs/remotes/main [5ms]
2024-08-03 15:11:00.297 [info] > git config --local branch.main.vscode-merge-base [3ms]
2024-08-03 15:11:00.297 [warning] [Git][config] git config failed: Failed to execute git
2024-08-03 15:11:00.305 [info] > git reflog main --grep-reflog=branch: Created from *. [6ms]
2024-08-03 15:11:00.308 [info] > git symbolic-ref --short refs/remotes/origin/HEAD [2ms]
2024-08-03 15:11:00.308 [info] fatal: ref refs/remotes/origin/HEAD is not a symbolic ref
2024-08-03 15:11:05.313 [info] > git config --get commit.template [7ms]
2024-08-03 15:11:05.319 [info] > git for-each-ref --format=%(refname)%00%(upstream:short)%00%(objectname)%00%(upstream:track)%00%(upstream:remotename)%00%(upstream:remoteref) refs/heads/main refs/remotes/main [11ms]
2024-08-03 15:11:05.556 [info] > git status -z -uall [234ms]
2024-08-03 15:11:05.564 [info] > git for-each-ref --format=%(refname)%00%(upstream:short)%00%(objectname)%00%(upstream:track)%00%(upstream:remotename)%00%(upstream:remoteref) refs/heads/main refs/remotes/main [6ms]
2024-08-03 15:11:05.568 [info] > git config --local branch.main.vscode-merge-base [1ms]
2024-08-03 15:11:05.568 [warning] [Git][config] git config failed: Failed to execute git
2024-08-03 15:11:05.575 [info] > git reflog main --grep-reflog=branch: Created from *. [6ms]
2024-08-03 15:11:05.579 [info] > git symbolic-ref --short refs/remotes/origin/HEAD [2ms]
2024-08-03 15:11:05.579 [info] fatal: ref refs/remotes/origin/HEAD is not a symbolic ref
2024-08-03 15:11:10.585 [info] > git config --get commit.template [7ms]
2024-08-03 15:11:10.592 [info] > git for-each-ref --format=%(refname)%00%(upstream:short)%00%(objectname)%00%(upstream:track)%00%(upstream:remotename)%00%(upstream:remoteref) refs/heads/main refs/remotes/main [10ms]
2024-08-03 15:11:10.822 [info] > git status -z -uall [228ms]
2024-08-03 15:11:10.830 [info] > git for-each-ref --format=%(refname)%00%(upstream:short)%00%(objectname)%00%(upstream:track)%00%(upstream:remotename)%00%(upstream:remoteref) refs/heads/main refs/remotes/main [6ms]
2024-08-03 15:11:10.834 [info] > git config --local branch.main.vscode-merge-base [2ms]
2024-08-03 15:11:10.834 [warning] [Git][config] git config failed: Failed to execute git
2024-08-03 15:11:10.843 [info] > git reflog main --grep-reflog=branch: Created from *. [7ms]
2024-08-03 15:11:10.847 [info] > git symbolic-ref --short refs/remotes/origin/HEAD [2ms]
2024-08-03 15:11:10.848 [info] fatal: ref refs/remotes/origin/HEAD is not a symbolic ref
2024-08-03 15:11:15.847 [info] > git config --get commit.template [7ms]
2024-08-03 15:11:15.853 [info] > git for-each-ref --format=%(refname)%00%(upstream:short)%00%(objectname)%00%(upstream:track)%00%(upstream:remotename)%00%(upstream:remoteref) refs/heads/main refs/remotes/main [10ms]
2024-08-03 15:11:16.145 [info] > git status -z -uall [290ms]
2024-08-03 15:11:16.153 [info] > git for-each-ref --format=%(refname)%00%(upstream:short)%00%(objectname)%00%(upstream:track)%00%(upstream:remotename)%00%(upstream:remoteref) refs/heads/main refs/remotes/main [5ms]
2024-08-03 15:11:16.156 [info] > git config --local branch.main.vscode-merge-base [1ms]
2024-08-03 15:11:16.157 [warning] [Git][config] git config failed: Failed to execute git
2024-08-03 15:11:16.164 [info] > git reflog main --grep-reflog=branch: Created from *. [6ms]
2024-08-03 15:11:16.174 [info] > git symbolic-ref --short refs/remotes/origin/HEAD [3ms]
2024-08-03 15:11:16.174 [info] fatal: ref refs/remotes/origin/HEAD is not a symbolic ref
2024-08-03 15:11:21.167 [info] > git config --get commit.template [5ms]
2024-08-03 15:11:21.172 [info] > git for-each-ref --format=%(refname)%00%(upstream:short)%00%(objectname)%00%(upstream:track)%00%(upstream:remotename)%00%(upstream:remoteref) refs/heads/main refs/remotes/main [8ms]
2024-08-03 15:11:21.400 [info] > git status -z -uall [225ms]
2024-08-03 15:11:21.407 [info] > git for-each-ref --format=%(refname)%00%(upstream:short)%00%(objectname)%00%(upstream:track)%00%(upstream:remotename)%00%(upstream:remoteref) refs/heads/main refs/remotes/main [5ms]
2024-08-03 15:11:21.411 [info] > git config --local branch.main.vscode-merge-base [3ms]
2024-08-03 15:11:21.411 [warning] [Git][config] git config failed: Failed to execute git
2024-08-03 15:11:21.417 [info] > git reflog main --grep-reflog=branch: Created from *. [5ms]
2024-08-03 15:11:21.421 [info] > git symbolic-ref --short refs/remotes/origin/HEAD [3ms]
2024-08-03 15:11:21.421 [info] fatal: ref refs/remotes/origin/HEAD is not a symbolic ref
2024-08-03 15:11:26.425 [info] > git config --get commit.template [6ms]
2024-08-03 15:11:26.432 [info] > git for-each-ref --format=%(refname)%00%(upstream:short)%00%(objectname)%00%(upstream:track)%00%(upstream:remotename)%00%(upstream:remoteref) refs/heads/main refs/remotes/main [9ms]
2024-08-03 15:11:26.666 [info] > git status -z -uall [230ms]
2024-08-03 15:11:26.673 [info] > git for-each-ref --format=%(refname)%00%(upstream:short)%00%(objectname)%00%(upstream:track)%00%(upstream:remotename)%00%(upstream:remoteref) refs/heads/main refs/remotes/main [5ms]
2024-08-03 15:11:26.677 [info] > git config --local branch.main.vscode-merge-base [2ms]
2024-08-03 15:11:26.677 [warning] [Git][config] git config failed: Failed to execute git
2024-08-03 15:11:26.684 [info] > git reflog main --grep-reflog=branch: Created from *. [6ms]
2024-08-03 15:11:26.688 [info] > git symbolic-ref --short refs/remotes/origin/HEAD [3ms]
2024-08-03 15:11:26.688 [info] fatal: ref refs/remotes/origin/HEAD is not a symbolic ref
2024-08-03 15:11:31.684 [info] > git config --get commit.template [3ms]
2024-08-03 15:11:31.689 [info] > git for-each-ref --format=%(refname)%00%(upstream:short)%00%(objectname)%00%(upstream:track)%00%(upstream:remotename)%00%(upstream:remoteref) refs/heads/main refs/remotes/main [5ms]
2024-08-03 15:11:31.872 [info] > git status -z -uall [182ms]
2024-08-03 15:11:31.880 [info] > git for-each-ref --format=%(refname)%00%(upstream:short)%00%(objectname)%00%(upstream:track)%00%(upstream:remotename)%00%(upstream:remoteref) refs/heads/main refs/remotes/main [4ms]
2024-08-03 15:11:31.882 [info] > git config --local branch.main.vscode-merge-base [1ms]
2024-08-03 15:11:31.882 [warning] [Git][config] git config failed: Failed to execute git
2024-08-03 15:11:31.888 [info] > git reflog main --grep-reflog=branch: Created from *. [4ms]
2024-08-03 15:11:31.892 [info] > git symbolic-ref --short refs/remotes/origin/HEAD [2ms]
2024-08-03 15:11:31.892 [info] fatal: ref refs/remotes/origin/HEAD is not a symbolic ref
2024-08-03 15:11:32.740 [info] > git config --get commit.template [9ms]
2024-08-03 15:11:32.746 [info] > git for-each-ref --format=%(refname)%00%(upstream:short)%00%(objectname)%00%(upstream:track)%00%(upstream:remotename)%00%(upstream:remoteref) refs/heads/main refs/remotes/main [10ms]
2024-08-03 15:11:32.926 [info] > git status -z -uall [177ms]
2024-08-03 15:11:32.937 [info] > git for-each-ref --format=%(refname)%00%(upstream:short)%00%(objectname)%00%(upstream:track)%00%(upstream:remotename)%00%(upstream:remoteref) refs/heads/main refs/remotes/main [7ms]
2024-08-03 15:11:32.941 [info] > git config --local branch.main.vscode-merge-base [2ms]
2024-08-03 15:11:32.941 [warning] [Git][config] git config failed: Failed to execute git
2024-08-03 15:11:32.948 [info] > git reflog main --grep-reflog=branch: Created from *. [5ms]
2024-08-03 15:11:32.951 [info] > git symbolic-ref --short refs/remotes/origin/HEAD [2ms]
2024-08-03 15:11:32.952 [info] fatal: ref refs/remotes/origin/HEAD is not a symbolic ref
2024-08-03 15:11:32.959 [info] > git merge-base refs/heads/main refs/remotes/origin/main [5ms]
2024-08-03 15:11:32.966 [info] > git rev-list --count --left-right refs/heads/main...refs/remotes/origin/main [6ms]
2024-08-03 15:11:32.973 [info] > git diff --name-status -z --diff-filter=ADMR d6f8b95e2681a884fa9b1e1bf537f793809a462d...refs/remotes/origin/main [5ms]
2024-08-03 15:11:33.875 [info] > git ls-files --stage -- /home/cs300-user/cs300-s24-labs/lab0/hello_world.c [10ms]
2024-08-03 15:11:33.892 [info] > git show --textconv :lab0/hello_world.c [7ms]
2024-08-03 15:11:36.904 [info] > git config --get commit.template [7ms]
2024-08-03 15:11:36.915 [info] > git for-each-ref --format=%(refname)%00%(upstream:short)%00%(objectname)%00%(upstream:track)%00%(upstream:remotename)%00%(upstream:remoteref) refs/heads/main refs/remotes/main [22ms]
2024-08-03 15:11:37.132 [info] > git status -z -uall [214ms]
2024-08-03 15:11:37.146 [info] > git for-each-ref --format=%(refname)%00%(upstream:short)%00%(objectname)%00%(upstream:track)%00%(upstream:remotename)%00%(upstream:remoteref) refs/heads/main refs/remotes/main [10ms]
2024-08-03 15:11:37.150 [info] > git config --local branch.main.vscode-merge-base [3ms]
2024-08-03 15:11:37.150 [warning] [Git][config] git config failed: Failed to execute git
2024-08-03 15:11:37.159 [info] > git reflog main --grep-reflog=branch: Created from *. [7ms]
2024-08-03 15:11:37.163 [info] > git symbolic-ref --short refs/remotes/origin/HEAD [2ms]
2024-08-03 15:11:37.164 [info] fatal: ref refs/remotes/origin/HEAD is not a symbolic ref
2024-08-03 15:11:42.180 [info] > git config --get commit.template [21ms]
2024-08-03 15:11:42.190 [info] > git for-each-ref --format=%(refname)%00%(upstream:short)%00%(objectname)%00%(upstream:track)%00%(upstream:remotename)%00%(upstream:remoteref) refs/heads/main refs/remotes/main [15ms]
2024-08-03 15:11:42.422 [info] > git status -z -uall [228ms]
2024-08-03 15:11:42.432 [info] > git for-each-ref --format=%(refname)%00%(upstream:short)%00%(objectname)%00%(upstream:track)%00%(upstream:remotename)%00%(upstream:remoteref) refs/heads/main refs/remotes/main [7ms]
2024-08-03 15:11:42.439 [info] > git config --local branch.main.vscode-merge-base [5ms]
2024-08-03 15:11:42.440 [warning] [Git][config] git config failed: Failed to execute git
2024-08-03 15:11:42.451 [info] > git reflog main --grep-reflog=branch: Created from *. [9ms]
2024-08-03 15:11:42.454 [info] > git symbolic-ref --short refs/remotes/origin/HEAD [2ms]
2024-08-03 15:11:42.454 [info] fatal: ref refs/remotes/origin/HEAD is not a symbolic ref
2024-08-03 15:12:16.394 [info] > git config --get commit.template [18ms]
2024-08-03 15:12:16.403 [info] > git for-each-ref --format=%(refname)%00%(upstream:short)%00%(objectname)%00%(upstream:track)%00%(upstream:remotename)%00%(upstream:remoteref) refs/heads/main refs/remotes/main [10ms]
2024-08-03 15:12:16.697 [info] > git status -z -uall [290ms]
2024-08-03 15:12:16.710 [info] > git for-each-ref --format=%(refname)%00%(upstream:short)%00%(objectname)%00%(upstream:track)%00%(upstream:remotename)%00%(upstream:remoteref) refs/heads/main refs/remotes/main [8ms]
2024-08-03 15:12:16.717 [info] > git config --local branch.main.vscode-merge-base [4ms]
2024-08-03 15:12:16.717 [warning] [Git][config] git config failed: Failed to execute git
2024-08-03 15:12:16.725 [info] > git reflog main --grep-reflog=branch: Created from *. [6ms]
2024-08-03 15:12:16.729 [info] > git symbolic-ref --short refs/remotes/origin/HEAD [2ms]
2024-08-03 15:12:16.729 [info] fatal: ref refs/remotes/origin/HEAD is not a symbolic ref
2024-08-03 15:12:19.372 [info] > git ls-files --stage -- /home/cs300-user/cs300-s24-labs/lab0/hello_world.c [8ms]
2024-08-03 15:12:19.396 [info] > git show --textconv :lab0/hello_world.c [6ms]
2024-08-03 15:12:22.424 [info] > git config --get commit.template [8ms]
2024-08-03 15:12:22.432 [info] > git for-each-ref --format=%(refname)%00%(upstream:short)%00%(objectname)%00%(upstream:track)%00%(upstream:remotename)%00%(upstream:remoteref) refs/heads/main refs/remotes/main [12ms]
2024-08-03 15:12:22.701 [info] > git status -z -uall [265ms]
2024-08-03 15:12:22.719 [info] > git for-each-ref --format=%(refname)%00%(upstream:short)%00%(objectname)%00%(upstream:track)%00%(upstream:remotename)%00%(upstream:remoteref) refs/heads/main refs/remotes/main [13ms]
2024-08-03 15:12:22.725 [info] > git config --local branch.main.vscode-merge-base [3ms]
2024-08-03 15:12:22.725 [warning] [Git][config] git config failed: Failed to execute git
2024-08-03 15:12:22.733 [info] > git reflog main --grep-reflog=branch: Created from *. [6ms]
2024-08-03 15:12:22.736 [info] > git symbolic-ref --short refs/remotes/origin/HEAD [2ms]
2024-08-03 15:12:22.736 [info] fatal: ref refs/remotes/origin/HEAD is not a symbolic ref
2024-08-03 15:12:29.413 [info] > git config --get commit.template [5ms]
2024-08-03 15:12:29.422 [info] > git for-each-ref --format=%(refname)%00%(upstream:short)%00%(objectname)%00%(upstream:track)%00%(upstream:remotename)%00%(upstream:remoteref) refs/heads/main refs/remotes/main [10ms]
2024-08-03 15:12:29.689 [info] > git status -z -uall [263ms]
2024-08-03 15:12:29.706 [info] > git for-each-ref --format=%(refname)%00%(upstream:short)%00%(objectname)%00%(upstream:track)%00%(upstream:remotename)%00%(upstream:remoteref) refs/heads/main refs/remotes/main [10ms]
2024-08-03 15:12:29.710 [info] > git config --local branch.main.vscode-merge-base [2ms]
2024-08-03 15:12:29.710 [warning] [Git][config] git config failed: Failed to execute git
2024-08-03 15:12:29.738 [info] > git reflog main --grep-reflog=branch: Created from *. [25ms]
2024-08-03 15:12:29.743 [info] > git symbolic-ref --short refs/remotes/origin/HEAD [3ms]
2024-08-03 15:12:29.743 [info] fatal: ref refs/remotes/origin/HEAD is not a symbolic ref
